<?xml version="1.0" encoding="UTF-8" standalone="yes"?><!DOCTYPE report PUBLIC "-//JACOCO//DTD Report 1.1//EN" "report.dtd"><report name="TourGuide"><sessioninfo id="LAPTOP-11GN0I3Q-99ad694d" start="1609178665163" dump="1609178666764"/><sessioninfo id="LAPTOP-11GN0I3Q-195172c7" start="1610265063219" dump="1610265065983"/><sessioninfo id="LAPTOP-11GN0I3Q-50f8ac8e" start="1610392023958" dump="1610392027452"/><sessioninfo id="LAPTOP-11GN0I3Q-f63821ec" start="1610392145170" dump="1610392149129"/><sessioninfo id="LAPTOP-11GN0I3Q-39da0244" start="1610392686398" dump="1610392691275"/><sessioninfo id="LAPTOP-11GN0I3Q-114a5083" start="1610649706133" dump="1610649708343"/><sessioninfo id="LAPTOP-11GN0I3Q-6512778f" start="1610649989075" dump="1610649991535"/><sessioninfo id="LAPTOP-11GN0I3Q-d68c54d0" start="1610704545596" dump="1610704549764"/><sessioninfo id="LAPTOP-11GN0I3Q-a83e3b40" start="1610705207511" dump="1610705209710"/><sessioninfo id="LAPTOP-11GN0I3Q-8c73cdd5" start="1610705294186" dump="1610705297682"/><sessioninfo id="LAPTOP-11GN0I3Q-9f218f63" start="1610705381635" dump="1610705385058"/><sessioninfo id="LAPTOP-11GN0I3Q-f1646014" start="1610705602416" dump="1610705774953"/><sessioninfo id="LAPTOP-11GN0I3Q-a1d65013" start="1610705801779" dump="1610705803633"/><sessioninfo id="LAPTOP-11GN0I3Q-f2ab56b3" start="1610705817729" dump="1610705821356"/><sessioninfo id="LAPTOP-11GN0I3Q-65d77ee" start="1610705835719" dump="1610705837855"/><sessioninfo id="LAPTOP-11GN0I3Q-bb26e7b9" start="1610705879586" dump="1610705882944"/><sessioninfo id="LAPTOP-11GN0I3Q-b713d78b" start="1610705927111" dump="1610705929425"/><sessioninfo id="LAPTOP-11GN0I3Q-3587bee" start="1610706343578" dump="1610706347492"/><sessioninfo id="LAPTOP-11GN0I3Q-c24a3e9d" start="1610706364301" dump="1610708074135"/><sessioninfo id="LAPTOP-11GN0I3Q-290881ed" start="1610708192026" dump="1610708195646"/><sessioninfo id="LAPTOP-11GN0I3Q-f3f8dccb" start="1610708246158" dump="1610708303460"/><sessioninfo id="LAPTOP-11GN0I3Q-9f00a6aa" start="1610708325198" dump="1610708374309"/><sessioninfo id="LAPTOP-11GN0I3Q-1d33e265" start="1610708394542" dump="1610708398207"/><sessioninfo id="LAPTOP-11GN0I3Q-5945d7ad" start="1610708435095" dump="1610708438054"/><sessioninfo id="LAPTOP-11GN0I3Q-766536fa" start="1610717900113" dump="1610717902118"/><sessioninfo id="LAPTOP-11GN0I3Q-2af48eee" start="1610718017416" dump="1610718019160"/><sessioninfo id="LAPTOP-11GN0I3Q-6963026a" start="1610718098802" dump="1610718100614"/><sessioninfo id="LAPTOP-11GN0I3Q-8d0b97d7" start="1610718128923" dump="1610718131179"/><sessioninfo id="LAPTOP-11GN0I3Q-7f34adc2" start="1610718530899" dump="1610718532992"/><sessioninfo id="LAPTOP-11GN0I3Q-7bc29d8f" start="1610718610104" dump="1610718612608"/><sessioninfo id="LAPTOP-11GN0I3Q-7fe00434" start="1610718801814" dump="1610718803610"/><sessioninfo id="LAPTOP-11GN0I3Q-9ffd6488" start="1610718886416" dump="1610718940034"/><sessioninfo id="LAPTOP-11GN0I3Q-ccb348c3" start="1610718979249" dump="1610719031216"/><sessioninfo id="LAPTOP-11GN0I3Q-69e93a60" start="1610719355536" dump="1610719357029"/><sessioninfo id="LAPTOP-11GN0I3Q-912a9af4" start="1610719427521" dump="1610719429895"/><sessioninfo id="LAPTOP-11GN0I3Q-92ed1faf" start="1610719469669" dump="1610719471510"/><sessioninfo id="LAPTOP-11GN0I3Q-bbeba269" start="1610719500448" dump="1610719502797"/><sessioninfo id="LAPTOP-11GN0I3Q-9c7e5d49" start="1610719658627" dump="1610719660378"/><sessioninfo id="LAPTOP-11GN0I3Q-a4785133" start="1610719702293" dump="1610719704044"/><sessioninfo id="LAPTOP-11GN0I3Q-c92e062e" start="1610720275865" dump="1610720277932"/><sessioninfo id="LAPTOP-11GN0I3Q-99b4975e" start="1610720627508" dump="1610720629183"/><sessioninfo id="LAPTOP-11GN0I3Q-bb52f027" start="1610720721573" dump="1610720723373"/><sessioninfo id="LAPTOP-11GN0I3Q-34dac60b" start="1610721281713" dump="1610721283380"/><sessioninfo id="LAPTOP-11GN0I3Q-a59c1581" start="1610721365296" dump="1610721367006"/><sessioninfo id="LAPTOP-11GN0I3Q-856b226e" start="1610721757949" dump="1610721759931"/><sessioninfo id="LAPTOP-11GN0I3Q-ca09fff2" start="1610722498401" dump="1610722500591"/><sessioninfo id="LAPTOP-11GN0I3Q-54756a8" start="1610722508813" dump="1610722510522"/><sessioninfo id="LAPTOP-11GN0I3Q-cf75a23f" start="1610722712318" dump="1610722714236"/><sessioninfo id="LAPTOP-11GN0I3Q-2da3c5f" start="1610722805365" dump="1610722807104"/><sessioninfo id="LAPTOP-11GN0I3Q-ebf9f2d1" start="1610722917527" dump="1610722919656"/><sessioninfo id="LAPTOP-11GN0I3Q-d5c991b8" start="1610722981002" dump="1610722982859"/><sessioninfo id="LAPTOP-11GN0I3Q-89b1d456" start="1610723007395" dump="1610723009433"/><sessioninfo id="LAPTOP-11GN0I3Q-87e221b3" start="1610723032934" dump="1610723034835"/><sessioninfo id="LAPTOP-11GN0I3Q-c3218bf3" start="1610723115543" dump="1610723117545"/><sessioninfo id="LAPTOP-11GN0I3Q-f9b43dc4" start="1610723124348" dump="1610723126417"/><sessioninfo id="LAPTOP-11GN0I3Q-99eb0821" start="1610723140707" dump="1610723142541"/><sessioninfo id="LAPTOP-11GN0I3Q-a74c2500" start="1610723643742" dump="1610723645408"/><sessioninfo id="LAPTOP-11GN0I3Q-9549ff81" start="1610723842284" dump="1610723844219"/><sessioninfo id="LAPTOP-11GN0I3Q-e29e6517" start="1610724065612" dump="1610724067602"/><sessioninfo id="LAPTOP-11GN0I3Q-ceb06582" start="1610724308828" dump="1610724310569"/><sessioninfo id="LAPTOP-11GN0I3Q-bd53f48f" start="1610726891683" dump="1610726893681"/><sessioninfo id="LAPTOP-11GN0I3Q-a4f34ed2" start="1610726914169" dump="1610726915857"/><sessioninfo id="LAPTOP-11GN0I3Q-98d4c0e0" start="1610742902497" dump="1610742904803"/><sessioninfo id="LAPTOP-11GN0I3Q-c2f1ca12" start="1610742935847" dump="1610742939412"/><sessioninfo id="LAPTOP-11GN0I3Q-f2d7d2e2" start="1610742966764" dump="1610742970707"/><sessioninfo id="LAPTOP-11GN0I3Q-c1e13eb9" start="1610743870293" dump="1610743875364"/><sessioninfo id="LAPTOP-11GN0I3Q-d41e6b55" start="1610743895043" dump="1610743906345"/><sessioninfo id="LAPTOP-11GN0I3Q-cdcc7076" start="1610743949729" dump="1610743953992"/><sessioninfo id="LAPTOP-11GN0I3Q-a1d49282" start="1610744818498" dump="1610745005006"/><sessioninfo id="LAPTOP-11GN0I3Q-5f092f7f" start="1610745049487" dump="1610745051491"/><sessioninfo id="LAPTOP-11GN0I3Q-bb8a0ea6" start="1610745082500" dump="1610745086366"/><sessioninfo id="LAPTOP-11GN0I3Q-64da055e" start="1610745365640" dump="1610745372657"/><sessioninfo id="LAPTOP-11GN0I3Q-5d2b056e" start="1610745482359" dump="1610745535028"/><sessioninfo id="LAPTOP-11GN0I3Q-46f0638b" start="1610805671520" dump="1610805674041"/><sessioninfo id="LAPTOP-11GN0I3Q-f7f27ffc" start="1610805763461" dump="1610805765372"/><sessioninfo id="LAPTOP-11GN0I3Q-e9f56b93" start="1610805804777" dump="1610805806735"/><sessioninfo id="LAPTOP-11GN0I3Q-70480b4c" start="1610805834886" dump="1610805836991"/><sessioninfo id="LAPTOP-11GN0I3Q-6f45237e" start="1610805997801" dump="1610805999904"/><sessioninfo id="LAPTOP-11GN0I3Q-9406b123" start="1610806063024" dump="1610806065151"/><sessioninfo id="LAPTOP-11GN0I3Q-52cc88fa" start="1610806161166" dump="1610806162944"/><sessioninfo id="LAPTOP-11GN0I3Q-9332aae0" start="1610806279018" dump="1610806280908"/><sessioninfo id="LAPTOP-11GN0I3Q-c319db7b" start="1610806322742" dump="1610806324523"/><sessioninfo id="LAPTOP-11GN0I3Q-7bfaf3b9" start="1610806451410" dump="1610806453496"/><sessioninfo id="LAPTOP-11GN0I3Q-69d7f3d0" start="1610806462793" dump="1610806465113"/><sessioninfo id="LAPTOP-11GN0I3Q-2b455501" start="1610806755855" dump="1610806758237"/><sessioninfo id="LAPTOP-11GN0I3Q-ef84352" start="1610826997115" dump="1610827012625"/><sessioninfo id="LAPTOP-11GN0I3Q-25d85754" start="1610827186002" dump="1610827187857"/><sessioninfo id="LAPTOP-11GN0I3Q-7c5cc07f" start="1610827222153" dump="1610827235388"/><sessioninfo id="LAPTOP-11GN0I3Q-cc5942e5" start="1610827809083" dump="1610827812657"/><sessioninfo id="LAPTOP-11GN0I3Q-a266d5af" start="1610827851741" dump="1610827855450"/><sessioninfo id="LAPTOP-11GN0I3Q-d7a05cd2" start="1610827954202" dump="1610827959144"/><sessioninfo id="LAPTOP-11GN0I3Q-3a3f9414" start="1610828055692" dump="1610828058677"/><sessioninfo id="LAPTOP-11GN0I3Q-2448193b" start="1610828072488" dump="1610828077901"/><sessioninfo id="LAPTOP-11GN0I3Q-d5beb94" start="1610828089844" dump="1610828140147"/><sessioninfo id="LAPTOP-11GN0I3Q-b6b5eff7" start="1610829034926" dump="1610829038544"/><sessioninfo id="LAPTOP-11GN0I3Q-4ad5acd" start="1610829048056" dump="1610829066479"/><sessioninfo id="LAPTOP-11GN0I3Q-7e01926f" start="1610829078686" dump="1610829244421"/><sessioninfo id="LAPTOP-11GN0I3Q-92e9349a" start="1610829344645" dump="1610830145570"/><sessioninfo id="LAPTOP-11GN0I3Q-47a6aa8b" start="1610830230507" dump="1610830235319"/><sessioninfo id="LAPTOP-11GN0I3Q-29b29590" start="1610830260685" dump="1610831892610"/><sessioninfo id="LAPTOP-11GN0I3Q-42cc3b2f" start="1610833128046" dump="1610833132073"/><sessioninfo id="LAPTOP-11GN0I3Q-ec2413df" start="1610834045364" dump="1610834047430"/><sessioninfo id="LAPTOP-11GN0I3Q-755d251a" start="1610835733545" dump="1610835739553"/><sessioninfo id="LAPTOP-11GN0I3Q-a67d744e" start="1610837010239" dump="1610837012887"/><sessioninfo id="LAPTOP-11GN0I3Q-df09c054" start="1610837084992" dump="1610837093451"/><sessioninfo id="LAPTOP-11GN0I3Q-fdbaa84d" start="1610837117649" dump="1610837121293"/><sessioninfo id="LAPTOP-11GN0I3Q-d97583af" start="1610837128198" dump="1610837131432"/><sessioninfo id="LAPTOP-11GN0I3Q-78d89109" start="1610837146247" dump="1610837150003"/><sessioninfo id="LAPTOP-11GN0I3Q-4bc5e98d" start="1610837206363" dump="1610837209881"/><sessioninfo id="LAPTOP-11GN0I3Q-92d7fa2" start="1610837218789" dump="1610837223135"/><sessioninfo id="LAPTOP-11GN0I3Q-97c81296" start="1610837306627" dump="1610837314451"/><sessioninfo id="LAPTOP-11GN0I3Q-f9a3625c" start="1610837323438" dump="1610837330564"/><sessioninfo id="LAPTOP-11GN0I3Q-5b02cf26" start="1610837427522" dump="1610837467130"/><sessioninfo id="LAPTOP-11GN0I3Q-de75cc61" start="1610838317806" dump="1610838330002"/><sessioninfo id="LAPTOP-11GN0I3Q-de884a99" start="1610838350470" dump="1610838354251"/><sessioninfo id="LAPTOP-11GN0I3Q-be6c235e" start="1610838870403" dump="1610838874820"/><sessioninfo id="LAPTOP-11GN0I3Q-ad895a3e" start="1610839026910" dump="1610839030969"/><sessioninfo id="LAPTOP-11GN0I3Q-88cf587f" start="1610839598258" dump="1610839601421"/><sessioninfo id="LAPTOP-11GN0I3Q-349ff685" start="1610839673169" dump="1610839728239"/><sessioninfo id="LAPTOP-11GN0I3Q-574c69b7" start="1610839777558" dump="1610839781369"/><sessioninfo id="LAPTOP-11GN0I3Q-9868f7ff" start="1610839819565" dump="1610839872854"/><sessioninfo id="LAPTOP-11GN0I3Q-6cbb4bca" start="1610839893739" dump="1610839900270"/><sessioninfo id="LAPTOP-11GN0I3Q-4f1b63eb" start="1610839918611" dump="1610839921774"/><sessioninfo id="LAPTOP-11GN0I3Q-7999c2d3" start="1610839930175" dump="1610839933039"/><sessioninfo id="LAPTOP-11GN0I3Q-1469445e" start="1610839983160" dump="1610840037467"/><sessioninfo id="LAPTOP-11GN0I3Q-9980956a" start="1610840050691" dump="1610840582064"/><sessioninfo id="LAPTOP-11GN0I3Q-6875d751" start="1610840670332" dump="1610840673387"/><sessioninfo id="LAPTOP-11GN0I3Q-c2352e3e" start="1610893957903" dump="1610893961691"/><sessioninfo id="LAPTOP-11GN0I3Q-278374ed" start="1610894108139" dump="1610894110947"/><sessioninfo id="LAPTOP-11GN0I3Q-90a213b3" start="1610894141905" dump="1610894145336"/><sessioninfo id="LAPTOP-11GN0I3Q-b63a8bfd" start="1610894413895" dump="1610894418509"/><sessioninfo id="LAPTOP-11GN0I3Q-726dae85" start="1610895325111" dump="1610895337495"/><sessioninfo id="LAPTOP-11GN0I3Q-311b859f" start="1610895352020" dump="1610895357662"/><sessioninfo id="LAPTOP-11GN0I3Q-709a6893" start="1610895493112" dump="1610895520518"/><sessioninfo id="LAPTOP-11GN0I3Q-350a50bb" start="1610895541132" dump="1610895588587"/><sessioninfo id="LAPTOP-11GN0I3Q-cbef2f70" start="1610895601108" dump="1610895686622"/><sessioninfo id="LAPTOP-11GN0I3Q-85f1a97d" start="1610895706027" dump="1610895931049"/><sessioninfo id="LAPTOP-11GN0I3Q-f6326066" start="1610896023124" dump="1610896465541"/><sessioninfo id="LAPTOP-11GN0I3Q-61c79f3a" start="1610896574330" dump="1610896579507"/><sessioninfo id="LAPTOP-11GN0I3Q-874266be" start="1610896609827" dump="1610896612627"/><sessioninfo id="LAPTOP-11GN0I3Q-c4489ea" start="1610896625657" dump="1610896629502"/><sessioninfo id="LAPTOP-11GN0I3Q-6c4aec0f" start="1610896699146" dump="1610896703687"/><sessioninfo id="LAPTOP-11GN0I3Q-b69937e1" start="1610896717232" dump="1610896723402"/><sessioninfo id="LAPTOP-11GN0I3Q-512f0798" start="1610896744535" dump="1610896751172"/><sessioninfo id="LAPTOP-11GN0I3Q-729aaf2e" start="1610896768142" dump="1610896778962"/><sessioninfo id="LAPTOP-11GN0I3Q-a3cac3f0" start="1610896817902" dump="1610896838792"/><sessioninfo id="LAPTOP-11GN0I3Q-63b2b44d" start="1610896876364" dump="1610896974982"/><sessioninfo id="LAPTOP-11GN0I3Q-5048414d" start="1610897019106" dump="1610897197172"/><sessioninfo id="LAPTOP-11GN0I3Q-64784d82" start="1610897257321" dump="1610898136334"/><sessioninfo id="LAPTOP-11GN0I3Q-e2e801d8" start="1610898189100" dump="1610899942031"/><sessioninfo id="LAPTOP-11GN0I3Q-f63fc1df" start="1610900857895" dump="1610900908979"/><sessioninfo id="LAPTOP-11GN0I3Q-e2b8a867" start="1610901041133" dump="1610903266345"/><sessioninfo id="LAPTOP-11GN0I3Q-796edbb5" start="1610924605156" dump="1610928990465"/><sessioninfo id="LAPTOP-11GN0I3Q-1a9f9710" start="1610931355746" dump="1610967530913"/><sessioninfo id="LAPTOP-11GN0I3Q-db81d631" start="1610974756793" dump="1610974762305"/><sessioninfo id="LAPTOP-11GN0I3Q-eac0d1b7" start="1610990200871" dump="1610990225076"/><sessioninfo id="LAPTOP-11GN0I3Q-9e6867f" start="1611142464443" dump="1611142470126"/><sessioninfo id="LAPTOP-11GN0I3Q-cfa6515c" start="1611142555654" dump="1611142568553"/><sessioninfo id="LAPTOP-11GN0I3Q-81e77256" start="1611142606536" dump="1611144350602"/><sessioninfo id="LAPTOP-11GN0I3Q-82b0d74f" start="1611144729662" dump="1611144733898"/><sessioninfo id="LAPTOP-11GN0I3Q-23682b42" start="1611144814146" dump="1611144832982"/><sessioninfo id="LAPTOP-11GN0I3Q-692e194c" start="1611145936405" dump="1611145943214"/><sessioninfo id="LAPTOP-11GN0I3Q-4ee9b889" start="1611145962701" dump="1611145999716"/><sessioninfo id="LAPTOP-11GN0I3Q-d3e186cc" start="1611146088236" dump="1611146108086"/><sessioninfo id="LAPTOP-11GN0I3Q-a874252e" start="1611146123944" dump="1611146159095"/><sessioninfo id="LAPTOP-11GN0I3Q-647f14dd" start="1611146224643" dump="1611146243582"/><sessioninfo id="LAPTOP-11GN0I3Q-312d760e" start="1611165370199" dump="1611165406814"/><sessioninfo id="LAPTOP-11GN0I3Q-9f90056a" start="1611167054115" dump="1611167059126"/><sessioninfo id="LAPTOP-11GN0I3Q-42004b6a" start="1611167366416" dump="1611167370174"/><sessioninfo id="LAPTOP-11GN0I3Q-201ea3b8" start="1611167411298" dump="1611167413660"/><sessioninfo id="LAPTOP-11GN0I3Q-a94c8a09" start="1611167451506" dump="1611167453699"/><sessioninfo id="LAPTOP-11GN0I3Q-27ee5fb0" start="1611167525533" dump="1611167561501"/><sessioninfo id="LAPTOP-11GN0I3Q-8f8c637d" start="1611167924171" dump="1611167959964"/><sessioninfo id="LAPTOP-11GN0I3Q-69298360" start="1611168317634" dump="1611168352994"/><sessioninfo id="LAPTOP-11GN0I3Q-cd376a0" start="1611168387527" dump="1611168405601"/><sessioninfo id="LAPTOP-11GN0I3Q-7c99ea01" start="1611168450706" dump="1611168487146"/><sessioninfo id="LAPTOP-11GN0I3Q-f3345e3" start="1611169455353" dump="1611169474988"/><sessioninfo id="LAPTOP-11GN0I3Q-4d89e484" start="1611176215286" dump="1611176221753"/><sessioninfo id="LAPTOP-11GN0I3Q-808c2c7" start="1611176234355" dump="1611176270686"/><sessioninfo id="LAPTOP-11GN0I3Q-e2399a74" start="1611176291895" dump="1611176328308"/><sessioninfo id="LAPTOP-11GN0I3Q-b52f3ee2" start="1611176392385" dump="1611176428224"/><sessioninfo id="LAPTOP-11GN0I3Q-b7cc4822" start="1611216753454" dump="1611216758506"/><sessioninfo id="LAPTOP-11GN0I3Q-e2ecbc32" start="1611216814661" dump="1611216829669"/><sessioninfo id="LAPTOP-11GN0I3Q-507c1c47" start="1611216954755" dump="1611216968853"/><sessioninfo id="LAPTOP-11GN0I3Q-c935e14b" start="1611217383477" dump="1611217409127"/><sessioninfo id="LAPTOP-11GN0I3Q-66976a9f" start="1611217474288" dump="1611217585424"/><sessioninfo id="LAPTOP-11GN0I3Q-cbe4eeb2" start="1611217676230" dump="1611217895368"/><sessioninfo id="LAPTOP-11GN0I3Q-77b9b33e" start="1611221683661" dump="1611224843823"/><sessioninfo id="LAPTOP-11GN0I3Q-91dc8ce8" start="1611243082761" dump="1611243087467"/><sessioninfo id="LAPTOP-11GN0I3Q-654c604e" start="1611243099881" dump="1611243117602"/><sessioninfo id="LAPTOP-11GN0I3Q-3d910628" start="1611243133794" dump="1611243149384"/><sessioninfo id="LAPTOP-11GN0I3Q-ab274f02" start="1611243208466" dump="1611243223139"/><sessioninfo id="LAPTOP-11GN0I3Q-a875ace2" start="1611243257919" dump="1611243273423"/><sessioninfo id="LAPTOP-11GN0I3Q-b1111722" start="1611243361240" dump="1611243381606"/><sessioninfo id="LAPTOP-11GN0I3Q-1654c6e4" start="1611243401883" dump="1611243436101"/><sessioninfo id="LAPTOP-11GN0I3Q-cb920012" start="1611243502514" dump="1611243535649"/><sessioninfo id="LAPTOP-11GN0I3Q-feeea2cd" start="1611243606646" dump="1611243624553"/><sessioninfo id="LAPTOP-11GN0I3Q-bf2bb291" start="1611243643576" dump="1611243676719"/><sessioninfo id="LAPTOP-11GN0I3Q-fe031bdf" start="1611243699927" dump="1611243739182"/><sessioninfo id="LAPTOP-11GN0I3Q-3f934965" start="1611243770895" dump="1611243791348"/><sessioninfo id="LAPTOP-11GN0I3Q-88db4f96" start="1611243810706" dump="1611243830771"/><sessioninfo id="LAPTOP-11GN0I3Q-c17075f9" start="1611244284326" dump="1611244306568"/><sessioninfo id="LAPTOP-11GN0I3Q-cb2cba3a" start="1611244478076" dump="1611244499977"/><sessioninfo id="LAPTOP-11GN0I3Q-4ac5b3d6" start="1611244812837" dump="1611244859133"/><sessioninfo id="LAPTOP-11GN0I3Q-18dde233" start="1611244946517" dump="1611244988282"/><sessioninfo id="LAPTOP-11GN0I3Q-7b6d9fe6" start="1611245009247" dump="1611245031243"/><sessioninfo id="LAPTOP-11GN0I3Q-f99a5ab9" start="1611245055845" dump="1611245079548"/><sessioninfo id="LAPTOP-11GN0I3Q-e1a872" start="1611245132057" dump="1611245155439"/><sessioninfo id="LAPTOP-11GN0I3Q-96fa2e25" start="1611245181094" dump="1611245207548"/><sessioninfo id="LAPTOP-11GN0I3Q-b8b48525" start="1611246009064" dump="1611246054942"/><sessioninfo id="LAPTOP-11GN0I3Q-f7357b6e" start="1611246124512" dump="1611246171846"/><sessioninfo id="LAPTOP-11GN0I3Q-35d47bdb" start="1611253998108" dump="1611254047070"/><sessioninfo id="LAPTOP-11GN0I3Q-5653e853" start="1611254061569" dump="1611254092344"/><sessioninfo id="LAPTOP-11GN0I3Q-579e9065" start="1611260145573" dump="1611260179769"/><sessioninfo id="LAPTOP-11GN0I3Q-b965acac" start="1611260191803" dump="1611260226607"/><sessioninfo id="LAPTOP-11GN0I3Q-340dcc2b" start="1611260732102" dump="1611260779227"/><sessioninfo id="LAPTOP-11GN0I3Q-c2282d18" start="1611260802262" dump="1611260849736"/><sessioninfo id="LAPTOP-11GN0I3Q-7f235cad" start="1611260883133" dump="1611260927853"/><sessioninfo id="LAPTOP-11GN0I3Q-aff54ae6" start="1611267032125" dump="1611267065738"/><sessioninfo id="LAPTOP-11GN0I3Q-58d767e1" start="1611267550777" dump="1611267569657"/><sessioninfo id="LAPTOP-11GN0I3Q-46251b89" start="1611267578820" dump="1611267596343"/><sessioninfo id="LAPTOP-11GN0I3Q-7728810" start="1611267629962" dump="1611267647979"/><sessioninfo id="LAPTOP-11GN0I3Q-b23befe0" start="1611267728479" dump="1611267762341"/><sessioninfo id="LAPTOP-11GN0I3Q-f6860de" start="1611268923997" dump="1611268944266"/><sessioninfo id="LAPTOP-11GN0I3Q-e8cb65b6" start="1611269153996" dump="1611269173900"/><sessioninfo id="LAPTOP-11GN0I3Q-8daa839b" start="1611269208269" dump="1611269228281"/><sessioninfo id="LAPTOP-11GN0I3Q-9f8c8aca" start="1611269629203" dump="1611269649477"/><sessioninfo id="LAPTOP-11GN0I3Q-68172d95" start="1611269790517" dump="1611269812034"/><sessioninfo id="LAPTOP-11GN0I3Q-8a5cfb98" start="1611269840783" dump="1611269860539"/><sessioninfo id="LAPTOP-11GN0I3Q-3a54820f" start="1611269913935" dump="1611269933868"/><sessioninfo id="LAPTOP-11GN0I3Q-deb1170a" start="1611269948069" dump="1611269969121"/><sessioninfo id="LAPTOP-11GN0I3Q-fa7b0268" start="1611270208876" dump="1611270229868"/><sessioninfo id="LAPTOP-11GN0I3Q-e10b99c7" start="1611270282688" dump="1611270302503"/><sessioninfo id="LAPTOP-11GN0I3Q-28726dcc" start="1611270332997" dump="1611270387793"/><sessioninfo id="LAPTOP-11GN0I3Q-9cb1abf4" start="1611270534655" dump="1611270554463"/><sessioninfo id="LAPTOP-11GN0I3Q-baa0f15e" start="1611270589948" dump="1611270610989"/><sessioninfo id="LAPTOP-11GN0I3Q-c6364b12" start="1611270810909" dump="1611270830805"/><sessioninfo id="LAPTOP-11GN0I3Q-e2a6c7fc" start="1611270864159" dump="1611270866481"/><sessioninfo id="LAPTOP-11GN0I3Q-5ffcc826" start="1611312885969" dump="1611312891048"/><sessioninfo id="LAPTOP-11GN0I3Q-c1f00446" start="1611318815271" dump="1611318819242"/><sessioninfo id="LAPTOP-11GN0I3Q-c3c9a239" start="1611318890533" dump="1611318894257"/><sessioninfo id="LAPTOP-11GN0I3Q-7e7bf426" start="1611318912145" dump="1611318925414"/><sessioninfo id="LAPTOP-11GN0I3Q-3fafbcd2" start="1611318962904" dump="1611318975863"/><sessioninfo id="LAPTOP-11GN0I3Q-251575e2" start="1611319001158" dump="1611319014637"/><sessioninfo id="LAPTOP-11GN0I3Q-97f058df" start="1611319035628" dump="1611319147254"/><sessioninfo id="LAPTOP-11GN0I3Q-989fd955" start="1611320083005" dump="1611320086767"/><sessioninfo id="LAPTOP-11GN0I3Q-2c097f06" start="1611322031410" dump="1611322035207"/><sessioninfo id="LAPTOP-11GN0I3Q-2b0d0426" start="1611322057441" dump="1611322070760"/><sessioninfo id="LAPTOP-11GN0I3Q-542c3083" start="1611323918331" dump="1611323922377"/><sessioninfo id="LAPTOP-11GN0I3Q-6db66279" start="1611324105715" dump="1611324108825"/><sessioninfo id="LAPTOP-11GN0I3Q-ccf31410" start="1611324137000" dump="1611324150425"/><sessioninfo id="LAPTOP-11GN0I3Q-35d2bb46" start="1611324320932" dump="1611324334411"/><sessioninfo id="LAPTOP-11GN0I3Q-61566746" start="1611324379027" dump="1611324392935"/><sessioninfo id="LAPTOP-11GN0I3Q-5934c092" start="1611324436972" dump="1611324450943"/><sessioninfo id="LAPTOP-11GN0I3Q-a416fa3" start="1611324478414" dump="1611324491648"/><sessioninfo id="LAPTOP-11GN0I3Q-a4040dce" start="1611324560102" dump="1611324574207"/><sessioninfo id="LAPTOP-11GN0I3Q-9bcd6c" start="1611325146141" dump="1611325160014"/><sessioninfo id="LAPTOP-11GN0I3Q-2e14f15" start="1611326424042" dump="1611326437684"/><sessioninfo id="LAPTOP-11GN0I3Q-24f85224" start="1611327409519" dump="1611327429019"/><sessioninfo id="LAPTOP-11GN0I3Q-49a66c71" start="1611327454741" dump="1611327474945"/><sessioninfo id="LAPTOP-11GN0I3Q-4a8784b0" start="1611327495559" dump="1611327516701"/><sessioninfo id="LAPTOP-11GN0I3Q-3c2990f5" start="1611327544144" dump="1611327563410"/><sessioninfo id="LAPTOP-11GN0I3Q-dc994232" start="1611327643042" dump="1611327663350"/><sessioninfo id="LAPTOP-11GN0I3Q-99d265f4" start="1611327770767" dump="1611327790962"/><sessioninfo id="LAPTOP-11GN0I3Q-751360b" start="1611337180019" dump="1611337201174"/><sessioninfo id="LAPTOP-11GN0I3Q-18fc1855" start="1611337647932" dump="1611337669042"/><sessioninfo id="LAPTOP-11GN0I3Q-2cd93e78" start="1611343305612" dump="1611343309706"/><sessioninfo id="LAPTOP-11GN0I3Q-3b7f7fe" start="1611343333285" dump="1611343337394"/><sessioninfo id="LAPTOP-11GN0I3Q-8f01b59f" start="1611343369946" dump="1611343373563"/><sessioninfo id="LAPTOP-11GN0I3Q-9e8a13a3" start="1611343421278" dump="1611343425316"/><sessioninfo id="LAPTOP-11GN0I3Q-ea010179" start="1611343617273" dump="1611343620821"/><sessioninfo id="LAPTOP-11GN0I3Q-65dec675" start="1611343858167" dump="1611343861058"/><sessioninfo id="LAPTOP-11GN0I3Q-f13bdb77" start="1611343879324" dump="1611343882072"/><sessioninfo id="LAPTOP-11GN0I3Q-c396c1c4" start="1611344146157" dump="1611344149887"/><sessioninfo id="LAPTOP-11GN0I3Q-8b8f0d57" start="1611344394028" dump="1611344397363"/><sessioninfo id="LAPTOP-11GN0I3Q-380967f8" start="1611345122429" dump="1611345127340"/><sessioninfo id="LAPTOP-11GN0I3Q-1b4705f2" start="1611345147269" dump="1611345151629"/><sessioninfo id="LAPTOP-11GN0I3Q-91d6ea90" start="1611345225452" dump="1611345231175"/><sessioninfo id="LAPTOP-11GN0I3Q-9194bb86" start="1611345242005" dump="1611345247855"/><sessioninfo id="LAPTOP-11GN0I3Q-db2caddb" start="1611345258905" dump="1611345291101"/><sessioninfo id="LAPTOP-11GN0I3Q-bac14be2" start="1611345311453" dump="1611345338380"/><sessioninfo id="LAPTOP-11GN0I3Q-f32289f8" start="1611345370174" dump="1611345397456"/><sessioninfo id="LAPTOP-11GN0I3Q-77a2cde9" start="1611349177843" dump="1611349196574"/><sessioninfo id="LAPTOP-11GN0I3Q-edb950b9" start="1611351449040" dump="1611351462315"/><sessioninfo id="LAPTOP-11GN0I3Q-fa31e320" start="1611351478931" dump="1611351492359"/><sessioninfo id="LAPTOP-11GN0I3Q-2a5e7cb1" start="1611351609020" dump="1611351627262"/><sessioninfo id="LAPTOP-11GN0I3Q-60b1c625" start="1611351637716" dump="1611351656090"/><sessioninfo id="LAPTOP-11GN0I3Q-d74a5096" start="1611352134807" dump="1611352140730"/><sessioninfo id="LAPTOP-11GN0I3Q-563ca290" start="1611353398744" dump="1611353404682"/><sessioninfo id="LAPTOP-11GN0I3Q-bac714ba" start="1611353509477" dump="1611353920400"/><sessioninfo id="LAPTOP-11GN0I3Q-4bf9b28c" start="1611355509567" dump="1611355511282"/><sessioninfo id="LAPTOP-11GN0I3Q-5c1c6361" start="1611355549652" dump="1611355551448"/><sessioninfo id="LAPTOP-11GN0I3Q-855e2d44" start="1611355623016" dump="1611355629422"/><sessioninfo id="LAPTOP-11GN0I3Q-d7cde97b" start="1611355638540" dump="1611355640868"/><sessioninfo id="LAPTOP-11GN0I3Q-f313c6f2" start="1611356035304" dump="1611356039673"/><sessioninfo id="LAPTOP-11GN0I3Q-6b3b5c50" start="1611394975714" dump="1611394978482"/><sessioninfo id="LAPTOP-11GN0I3Q-135f8d58" start="1611395157322" dump="1611395159476"/><sessioninfo id="LAPTOP-11GN0I3Q-3052eaf1" start="1611395304074" dump="1611395307469"/><sessioninfo id="LAPTOP-11GN0I3Q-7c38bdae" start="1611395356501" dump="1611395363046"/><sessioninfo id="LAPTOP-11GN0I3Q-2821c224" start="1611395525100" dump="1611395527953"/><sessioninfo id="LAPTOP-11GN0I3Q-4c564ecc" start="1611395548300" dump="1611395550973"/><sessioninfo id="LAPTOP-11GN0I3Q-ffb1412" start="1611395584545" dump="1611395587647"/><sessioninfo id="LAPTOP-11GN0I3Q-a1af5bd3" start="1611395595815" dump="1611395598366"/><sessioninfo id="LAPTOP-11GN0I3Q-ecd94741" start="1611395641453" dump="1611395644332"/><sessioninfo id="LAPTOP-11GN0I3Q-1e48a971" start="1611395656825" dump="1611395660442"/><sessioninfo id="LAPTOP-11GN0I3Q-b1bfed0" start="1611428083448" dump="1611428085778"/><sessioninfo id="LAPTOP-11GN0I3Q-25dca5ef" start="1611428121612" dump="1611428131565"/><sessioninfo id="LAPTOP-11GN0I3Q-7e900211" start="1611439846589" dump="1611439849334"/><sessioninfo id="LAPTOP-11GN0I3Q-7126c4a9" start="1611440114692" dump="1611440117611"/><sessioninfo id="LAPTOP-11GN0I3Q-c00bf350" start="1611440733303" dump="1611440779123"/><sessioninfo id="LAPTOP-11GN0I3Q-2ad11f93" start="1611440785830" dump="1611440791355"/><sessioninfo id="LAPTOP-11GN0I3Q-a59c3c6f" start="1611440867330" dump="1611440873689"/><sessioninfo id="LAPTOP-11GN0I3Q-fbd790ac" start="1611440933179" dump="1611440941400"/><sessioninfo id="LAPTOP-11GN0I3Q-c93d4c79" start="1611440962048" dump="1611440969600"/><sessioninfo id="LAPTOP-11GN0I3Q-8639da49" start="1611440994790" dump="1611440997313"/><sessioninfo id="LAPTOP-11GN0I3Q-dc0a009f" start="1611526210354" dump="1611526213398"/><sessioninfo id="LAPTOP-11GN0I3Q-5a4d395c" start="1611526250771" dump="1611526253570"/><sessioninfo id="LAPTOP-11GN0I3Q-926530b0" start="1611526289319" dump="1611526291763"/><sessioninfo id="LAPTOP-11GN0I3Q-da6d6c88" start="1611526439795" dump="1611526448434"/><sessioninfo id="LAPTOP-11GN0I3Q-d83b8216" start="1611526529108" dump="1611526585205"/><sessioninfo id="LAPTOP-11GN0I3Q-fa7dde" start="1611526701470" dump="1611526704014"/><sessioninfo id="LAPTOP-11GN0I3Q-4b334163" start="1611526727190" dump="1611526729969"/><sessioninfo id="LAPTOP-11GN0I3Q-1e1277e8" start="1611526769989" dump="1611526825166"/><sessioninfo id="LAPTOP-11GN0I3Q-3a339e85" start="1611526848853" dump="1611526905193"/><sessioninfo id="LAPTOP-11GN0I3Q-c85b41f" start="1611526959899" dump="1611527019732"/><sessioninfo id="LAPTOP-11GN0I3Q-4a8cdd66" start="1611527314252" dump="1611527316978"/><sessioninfo id="LAPTOP-11GN0I3Q-5261f7d8" start="1611527331804" dump="1611527334821"/><sessioninfo id="LAPTOP-11GN0I3Q-3533dfdb" start="1611527354871" dump="1611527357436"/><sessioninfo id="LAPTOP-11GN0I3Q-71dc9040" start="1611527450668" dump="1611527453221"/><sessioninfo id="LAPTOP-11GN0I3Q-f59913e4" start="1611527675598" dump="1611527680319"/><sessioninfo id="LAPTOP-11GN0I3Q-fb25db5d" start="1611528326993" dump="1611528329583"/><sessioninfo id="LAPTOP-11GN0I3Q-56a66e95" start="1611528340849" dump="1611528347230"/><sessioninfo id="LAPTOP-11GN0I3Q-3a89c746" start="1611528380536" dump="1611528385746"/><sessioninfo id="LAPTOP-11GN0I3Q-b7b3e588" start="1611528405405" dump="1611528452921"/><sessioninfo id="LAPTOP-11GN0I3Q-7706395f" start="1611528768836" dump="1611528771583"/><sessioninfo id="LAPTOP-11GN0I3Q-65173d7d" start="1611528841526" dump="1611528848281"/><sessioninfo id="LAPTOP-11GN0I3Q-d656dc4c" start="1611528955332" dump="1611528961550"/><sessioninfo id="LAPTOP-11GN0I3Q-6f2c302b" start="1611529332506" dump="1611529335504"/><sessioninfo id="LAPTOP-11GN0I3Q-6a4263fe" start="1611529680426" dump="1611529682451"/><sessioninfo id="LAPTOP-11GN0I3Q-aa338878" start="1611530033294" dump="1611530036054"/><sessioninfo id="LAPTOP-11GN0I3Q-a5959e92" start="1611530213504" dump="1611530215499"/><sessioninfo id="LAPTOP-11GN0I3Q-34ec79ab" start="1611530236814" dump="1611530238730"/><sessioninfo id="LAPTOP-11GN0I3Q-768c5aab" start="1611530258451" dump="1611530260745"/><sessioninfo id="LAPTOP-11GN0I3Q-74d5a6e4" start="1611530341296" dump="1611530343521"/><sessioninfo id="LAPTOP-11GN0I3Q-8b232a29" start="1611530363630" dump="1611530370472"/><sessioninfo id="LAPTOP-11GN0I3Q-4d4b1ddd" start="1611530419197" dump="1611530426643"/><sessioninfo id="LAPTOP-11GN0I3Q-b4a38edc" start="1611530453329" dump="1611530460638"/><sessioninfo id="LAPTOP-11GN0I3Q-9117b535" start="1611530473761" dump="1611530480260"/><sessioninfo id="LAPTOP-11GN0I3Q-8d409287" start="1611530555260" dump="1611530561884"/><sessioninfo id="LAPTOP-11GN0I3Q-89006620" start="1611530677784" dump="1611530682897"/><sessioninfo id="LAPTOP-11GN0I3Q-8df3d58" start="1611530687699" dump="1611530694289"/><sessioninfo id="LAPTOP-11GN0I3Q-63e80955" start="1611530733619" dump="1611530739979"/><sessioninfo id="LAPTOP-11GN0I3Q-40428b19" start="1611530752007" dump="1611530758829"/><sessioninfo id="LAPTOP-11GN0I3Q-48a87478" start="1611530781557" dump="1611530788897"/><sessioninfo id="LAPTOP-11GN0I3Q-5464afd1" start="1611532022986" dump="1611532025564"/><sessioninfo id="LAPTOP-11GN0I3Q-22a53a83" start="1611532063527" dump="1611532069762"/><sessioninfo id="LAPTOP-11GN0I3Q-841f46c2" start="1611532111512" dump="1611532118316"/><sessioninfo id="LAPTOP-11GN0I3Q-88072d72" start="1611532309538" dump="1611532315754"/><sessioninfo id="LAPTOP-11GN0I3Q-abda846f" start="1611532337381" dump="1611532344193"/><sessioninfo id="LAPTOP-11GN0I3Q-c8151b3b" start="1611532420281" dump="1611532426955"/><sessioninfo id="LAPTOP-11GN0I3Q-1d8e538d" start="1611532462368" dump="1611532467801"/><sessioninfo id="LAPTOP-11GN0I3Q-18c6ae90" start="1611532509791" dump="1611532516347"/><sessioninfo id="LAPTOP-11GN0I3Q-ea69c5b2" start="1611532612211" dump="1611532618107"/><sessioninfo id="LAPTOP-11GN0I3Q-5ae4ac00" start="1611532668583" dump="1611532673712"/><sessioninfo id="LAPTOP-11GN0I3Q-80c04f4c" start="1611532712152" dump="1611532720191"/><sessioninfo id="LAPTOP-11GN0I3Q-e8fce8ed" start="1611533086811" dump="1611533094652"/><sessioninfo id="LAPTOP-11GN0I3Q-5ff36ba5" start="1611533115190" dump="1611533121740"/><sessioninfo id="LAPTOP-11GN0I3Q-27661f0a" start="1611533529802" dump="1611533534493"/><sessioninfo id="LAPTOP-11GN0I3Q-4241cb1" start="1611533555117" dump="1611533603144"/><sessioninfo id="LAPTOP-11GN0I3Q-9fb8b828" start="1611533633166" dump="1611533678699"/><sessioninfo id="LAPTOP-11GN0I3Q-dbc66558" start="1611533759650" dump="1611533767576"/><sessioninfo id="LAPTOP-11GN0I3Q-fdae81b1" start="1611533962052" dump="1611533967286"/><sessioninfo id="LAPTOP-11GN0I3Q-f5a64feb" start="1611534029358" dump="1611534035147"/><sessioninfo id="LAPTOP-11GN0I3Q-9094c41b" start="1611534271584" dump="1611534278453"/><sessioninfo id="LAPTOP-11GN0I3Q-930ce770" start="1611534343581" dump="1611534350896"/><sessioninfo id="LAPTOP-11GN0I3Q-9d4f03e4" start="1611534366077" dump="1611534372691"/><sessioninfo id="LAPTOP-11GN0I3Q-88735bdb" start="1611534437759" dump="1611534444166"/><sessioninfo id="LAPTOP-11GN0I3Q-f22a3a91" start="1611534473941" dump="1611534480559"/><sessioninfo id="LAPTOP-11GN0I3Q-876bcb45" start="1611534506997" dump="1611534508522"/><sessioninfo id="LAPTOP-11GN0I3Q-99c08baa" start="1611535266383" dump="1611535268869"/><sessioninfo id="LAPTOP-11GN0I3Q-c6555565" start="1611535367579" dump="1611535369216"/><sessioninfo id="LAPTOP-11GN0I3Q-2e998cb8" start="1611535388447" dump="1611535395322"/><sessioninfo id="LAPTOP-11GN0I3Q-24836618" start="1611535508907" dump="1611535554495"/><sessioninfo id="LAPTOP-11GN0I3Q-e9bb7b23" start="1611536383913" dump="1611536430605"/><sessioninfo id="LAPTOP-11GN0I3Q-69b4448c" start="1611536603128" dump="1611536604903"/><sessioninfo id="LAPTOP-11GN0I3Q-2ef2f48f" start="1611536757417" dump="1611536759006"/><sessioninfo id="LAPTOP-11GN0I3Q-201d0ce2" start="1611536926761" dump="1611536928983"/><sessioninfo id="LAPTOP-11GN0I3Q-7ef06f92" start="1611536971998" dump="1611536974370"/><sessioninfo id="LAPTOP-11GN0I3Q-442dcf4d" start="1611537002490" dump="1611537004626"/><sessioninfo id="LAPTOP-11GN0I3Q-3c644b91" start="1611537019679" dump="1611537021738"/><sessioninfo id="LAPTOP-11GN0I3Q-c6b9694a" start="1611537046644" dump="1611537048549"/><sessioninfo id="LAPTOP-11GN0I3Q-d98e940a" start="1611537169912" dump="1611537171553"/><sessioninfo id="LAPTOP-11GN0I3Q-7e48f19b" start="1611537288952" dump="1611537291097"/><sessioninfo id="LAPTOP-11GN0I3Q-25e580b3" start="1611537338778" dump="1611537342894"/><sessioninfo id="LAPTOP-11GN0I3Q-d6f45bd5" start="1611537401868" dump="1611537406336"/><sessioninfo id="LAPTOP-11GN0I3Q-12d347da" start="1611537467232" dump="1611537473613"/><sessioninfo id="LAPTOP-11GN0I3Q-3f7e65d8" start="1611537540740" dump="1611537544744"/><sessioninfo id="LAPTOP-11GN0I3Q-33bdb48d" start="1611537567518" dump="1611537571500"/><sessioninfo id="LAPTOP-11GN0I3Q-6579f812" start="1611537605410" dump="1611537609257"/><sessioninfo id="LAPTOP-11GN0I3Q-d08367c3" start="1611537636548" dump="1611537641333"/><sessioninfo id="LAPTOP-11GN0I3Q-2c5143da" start="1611537698012" dump="1611537700350"/><sessioninfo id="LAPTOP-11GN0I3Q-71e41b46" start="1611537710937" dump="1611537716105"/><sessioninfo id="LAPTOP-11GN0I3Q-15823ef4" start="1611537728424" dump="1611537757837"/><sessioninfo id="LAPTOP-11GN0I3Q-676162f2" start="1611537778404" dump="1611538059106"/><sessioninfo id="LAPTOP-11GN0I3Q-62d90b38" start="1611538137420" dump="1611538139577"/><sessioninfo id="LAPTOP-11GN0I3Q-f404c21a" start="1611538176827" dump="1611538179059"/><sessioninfo id="LAPTOP-11GN0I3Q-caecae0e" start="1611538201041" dump="1611538246247"/><sessioninfo id="LAPTOP-11GN0I3Q-1bc2a405" start="1611538262117" dump="1611538268151"/><sessioninfo id="LAPTOP-11GN0I3Q-b6db259e" start="1611538282616" dump="1611538314048"/><sessioninfo id="LAPTOP-11GN0I3Q-bc8095ef" start="1611538669504" dump="1611538671800"/><sessioninfo id="LAPTOP-11GN0I3Q-2f0ce8b7" start="1611538729074" dump="1611538731488"/><sessioninfo id="LAPTOP-11GN0I3Q-4f3ce701" start="1611538884485" dump="1611538886994"/><sessioninfo id="LAPTOP-11GN0I3Q-b4c5515c" start="1611538972026" dump="1611538974716"/><sessioninfo id="LAPTOP-11GN0I3Q-f060e0c3" start="1611539047174" dump="1611539098290"/><sessioninfo id="LAPTOP-11GN0I3Q-5161fca5" start="1611539178445" dump="1611539194165"/><sessioninfo id="LAPTOP-11GN0I3Q-b8f5682d" start="1611573023273" dump="1611573026616"/><sessioninfo id="LAPTOP-11GN0I3Q-a91d090d" start="1611573309461" dump="1611573313378"/><sessioninfo id="LAPTOP-11GN0I3Q-52af181b" start="1611573432726" dump="1611573435674"/><sessioninfo id="LAPTOP-11GN0I3Q-edf57973" start="1611573582592" dump="1611573585276"/><sessioninfo id="LAPTOP-11GN0I3Q-577c87f6" start="1611573654795" dump="1611573658987"/><sessioninfo id="LAPTOP-11GN0I3Q-4485a03c" start="1611573790646" dump="1611573793352"/><sessioninfo id="LAPTOP-11GN0I3Q-e94c0082" start="1611573800696" dump="1611573805790"/><sessioninfo id="LAPTOP-11GN0I3Q-7e1453d0" start="1611574172568" dump="1611574174848"/><sessioninfo id="LAPTOP-11GN0I3Q-b65732dc" start="1611574335957" dump="1611574342767"/><sessioninfo id="LAPTOP-11GN0I3Q-78ea52d0" start="1611574347820" dump="1611574356654"/><sessioninfo id="LAPTOP-11GN0I3Q-854e6ed8" start="1611574370275" dump="1611574378388"/><sessioninfo id="LAPTOP-11GN0I3Q-919f43d6" start="1611574956315" dump="1611574959135"/><sessioninfo id="LAPTOP-11GN0I3Q-6f8a90ab" start="1611575094625" dump="1611575097778"/><sessioninfo id="LAPTOP-11GN0I3Q-bafee3c9" start="1611575125515" dump="1611575128246"/><sessioninfo id="LAPTOP-11GN0I3Q-6758aae1" start="1611575390185" dump="1611575392580"/><sessioninfo id="LAPTOP-11GN0I3Q-acfefd04" start="1611575754300" dump="1611575762045"/><sessioninfo id="LAPTOP-11GN0I3Q-e88d49fa" start="1611575794145" dump="1611575796811"/><sessioninfo id="LAPTOP-11GN0I3Q-d923e8f2" start="1611575928467" dump="1611575930992"/><sessioninfo id="LAPTOP-11GN0I3Q-68cbf962" start="1611575980545" dump="1611575988485"/><sessioninfo id="LAPTOP-11GN0I3Q-336bf82d" start="1611576000835" dump="1611576009165"/><sessioninfo id="LAPTOP-11GN0I3Q-48667652" start="1611576076445" dump="1611576083097"/><sessioninfo id="LAPTOP-11GN0I3Q-fd98b5a4" start="1611576153670" dump="1611576159690"/><sessioninfo id="LAPTOP-11GN0I3Q-8c290a92" start="1611576194055" dump="1611576200966"/><sessioninfo id="LAPTOP-11GN0I3Q-8cb999d4" start="1611576229465" dump="1611576237120"/><sessioninfo id="LAPTOP-11GN0I3Q-8fd60d0f" start="1611576256066" dump="1611576262645"/><sessioninfo id="LAPTOP-11GN0I3Q-5c0d6920" start="1611576283644" dump="1611576286336"/><sessioninfo id="LAPTOP-11GN0I3Q-78939fc7" start="1611576374419" dump="1611576377197"/><sessioninfo id="LAPTOP-11GN0I3Q-71163525" start="1611576390454" dump="1611576392970"/><sessioninfo id="LAPTOP-11GN0I3Q-f8ac4086" start="1611576533647" dump="1611576536128"/><sessioninfo id="LAPTOP-11GN0I3Q-fed48620" start="1611576587755" dump="1611576590176"/><sessioninfo id="LAPTOP-11GN0I3Q-472eb12f" start="1611579481971" dump="1611579485152"/><sessioninfo id="LAPTOP-11GN0I3Q-480bf6d7" start="1611580136519" dump="1611580143766"/><sessioninfo id="LAPTOP-11GN0I3Q-5cdf13f4" start="1611580174679" dump="1611580180579"/><sessioninfo id="LAPTOP-11GN0I3Q-e776cba6" start="1611580220511" dump="1611580227284"/><sessioninfo id="LAPTOP-11GN0I3Q-b27fefcd" start="1611580238501" dump="1611580245644"/><sessioninfo id="LAPTOP-11GN0I3Q-d5ef2991" start="1611580254435" dump="1611580260665"/><sessioninfo id="LAPTOP-11GN0I3Q-590e1055" start="1611580329634" dump="1611580335843"/><sessioninfo id="LAPTOP-11GN0I3Q-833a49db" start="1611580351779" dump="1611580395493"/><sessioninfo id="LAPTOP-11GN0I3Q-e724746d" start="1611580422813" dump="1611580429906"/><sessioninfo id="LAPTOP-11GN0I3Q-23122b3c" start="1611580543901" dump="1611580550837"/><sessioninfo id="LAPTOP-11GN0I3Q-a18a3780" start="1611581433499" dump="1611581441168"/><sessioninfo id="LAPTOP-11GN0I3Q-8fc0920b" start="1611582039709" dump="1611582047119"/><sessioninfo id="LAPTOP-11GN0I3Q-46973dc8" start="1611582296979" dump="1611582304574"/><sessioninfo id="LAPTOP-11GN0I3Q-d868fc8a" start="1611582323028" dump="1611582330743"/><sessioninfo id="LAPTOP-11GN0I3Q-1c4c9e0" start="1611582345697" dump="1611582353320"/><sessioninfo id="LAPTOP-11GN0I3Q-9e377876" start="1611582393974" dump="1611582401689"/><sessioninfo id="LAPTOP-11GN0I3Q-17998a96" start="1611582413098" dump="1611582419528"/><sessioninfo id="LAPTOP-11GN0I3Q-f7314c76" start="1611582442978" dump="1611582450683"/><sessioninfo id="LAPTOP-11GN0I3Q-fe37817b" start="1611582805259" dump="1611582811787"/><sessioninfo id="LAPTOP-11GN0I3Q-a90f755f" start="1611583287530" dump="1611583289686"/><sessioninfo id="LAPTOP-11GN0I3Q-98199940" start="1611583354345" dump="1611583361006"/><sessioninfo id="LAPTOP-11GN0I3Q-95c6a90f" start="1611583390525" dump="1611583397325"/><sessioninfo id="LAPTOP-11GN0I3Q-4647a7e7" start="1611583416575" dump="1611583423558"/><sessioninfo id="LAPTOP-11GN0I3Q-8020bad7" start="1611583446951" dump="1611583455486"/><sessioninfo id="LAPTOP-11GN0I3Q-60e77897" start="1611583480471" dump="1611583486866"/><sessioninfo id="LAPTOP-11GN0I3Q-f1010eb6" start="1611583629148" dump="1611583636396"/><sessioninfo id="LAPTOP-11GN0I3Q-9f4cf0c1" start="1611583683248" dump="1611583689977"/><sessioninfo id="LAPTOP-11GN0I3Q-d0669e7e" start="1611583999225" dump="1611584005417"/><sessioninfo id="LAPTOP-11GN0I3Q-ecb70f0f" start="1611584020908" dump="1611584023419"/><sessioninfo id="LAPTOP-11GN0I3Q-7d6ee868" start="1611584059618" dump="1611584061687"/><sessioninfo id="LAPTOP-11GN0I3Q-99f9e11c" start="1611584112383" dump="1611584119651"/><sessioninfo id="LAPTOP-11GN0I3Q-31cffa7f" start="1611584229917" dump="1611584232630"/><sessioninfo id="LAPTOP-11GN0I3Q-a16e4370" start="1611584248281" dump="1611584253906"/><sessioninfo id="LAPTOP-11GN0I3Q-8c7638b6" start="1611584546136" dump="1611584553102"/><sessioninfo id="LAPTOP-11GN0I3Q-30bff1b" start="1611584709473" dump="1611584716340"/><sessioninfo id="LAPTOP-11GN0I3Q-58fd563c" start="1611584797934" dump="1611584800745"/><sessioninfo id="LAPTOP-11GN0I3Q-1760d1ac" start="1611584847513" dump="1611584850419"/><sessioninfo id="LAPTOP-11GN0I3Q-6b8391e6" start="1611584926363" dump="1611584932608"/><sessioninfo id="LAPTOP-11GN0I3Q-73ed6e72" start="1611584949945" dump="1611584958052"/><sessioninfo id="LAPTOP-11GN0I3Q-a1f9aa07" start="1611585024149" dump="1611585028940"/><sessioninfo id="LAPTOP-11GN0I3Q-294cde73" start="1611585061265" dump="1611585077808"/><sessioninfo id="LAPTOP-11GN0I3Q-d2986361" start="1611585151153" dump="1611585282530"/><sessioninfo id="LAPTOP-11GN0I3Q-a264aeff" start="1611585316722" dump="1611586587676"/><sessioninfo id="LAPTOP-11GN0I3Q-a213c315" start="1611586746786" dump="1611586761601"/><sessioninfo id="LAPTOP-11GN0I3Q-462b35d2" start="1611586782248" dump="1611586798470"/><sessioninfo id="LAPTOP-11GN0I3Q-94d7df38" start="1611586805407" dump="1611586822431"/><sessioninfo id="LAPTOP-11GN0I3Q-528ed516" start="1611587652013" dump="1611587654250"/><sessioninfo id="LAPTOP-11GN0I3Q-cd1f52a6" start="1611587686957" dump="1611587701750"/><sessioninfo id="LAPTOP-11GN0I3Q-c87ee823" start="1611587717809" dump="1611587734552"/><sessioninfo id="LAPTOP-11GN0I3Q-7b927c8b" start="1611587770179" dump="1611587783920"/><sessioninfo id="LAPTOP-11GN0I3Q-e7324611" start="1611587792742" dump="1611587809407"/><sessioninfo id="LAPTOP-11GN0I3Q-2f4efda2" start="1611587904450" dump="1611587920658"/><sessioninfo id="LAPTOP-11GN0I3Q-fb0d096" start="1611594772515" dump="1611594789370"/><sessioninfo id="LAPTOP-11GN0I3Q-5571dd5b" start="1611594847844" dump="1611594863355"/><sessioninfo id="LAPTOP-11GN0I3Q-f31eb653" start="1611594880696" dump="1611594896420"/><sessioninfo id="LAPTOP-11GN0I3Q-7d6957b9" start="1611595079260" dump="1611595093958"/><sessioninfo id="LAPTOP-11GN0I3Q-6f437bd0" start="1611595141635" dump="1611595156318"/><sessioninfo id="LAPTOP-11GN0I3Q-d14e601f" start="1611595356524" dump="1611595372859"/><sessioninfo id="LAPTOP-11GN0I3Q-caefaf66" start="1611595405449" dump="1611595408639"/><sessioninfo id="LAPTOP-11GN0I3Q-bc299d1f" start="1611595491895" dump="1611595507615"/><sessioninfo id="LAPTOP-11GN0I3Q-a30cb676" start="1611595512069" dump="1611595527321"/><sessioninfo id="LAPTOP-11GN0I3Q-8ebae373" start="1611595544625" dump="1611595560980"/><sessioninfo id="LAPTOP-11GN0I3Q-5d437160" start="1611595624409" dump="1611595639607"/><sessioninfo id="LAPTOP-11GN0I3Q-9754c38d" start="1611595647519" dump="1611595663042"/><sessioninfo id="LAPTOP-11GN0I3Q-5514dcce" start="1611595706741" dump="1611595722973"/><sessioninfo id="LAPTOP-11GN0I3Q-8952f34e" start="1611596913960" dump="1611596931005"/><sessioninfo id="LAPTOP-11GN0I3Q-43a0ad77" start="1611597126469" dump="1611597141631"/><sessioninfo id="LAPTOP-11GN0I3Q-bd148d1b" start="1611613422804" dump="1611613427998"/><sessioninfo id="LAPTOP-11GN0I3Q-1f63fde0" start="1611613520079" dump="1611613522358"/><sessioninfo id="LAPTOP-11GN0I3Q-52e79198" start="1611613711311" dump="1611613714104"/><sessioninfo id="LAPTOP-11GN0I3Q-309695dc" start="1611613728385" dump="1611613735581"/><sessioninfo id="LAPTOP-11GN0I3Q-b7644269" start="1611613781133" dump="1611613788451"/><sessioninfo id="LAPTOP-11GN0I3Q-11f5fb10" start="1611613843493" dump="1611613845979"/><sessioninfo id="LAPTOP-11GN0I3Q-ddfd41fb" start="1611613895369" dump="1611613902241"/><sessioninfo id="LAPTOP-11GN0I3Q-3d85d97e" start="1611613953648" dump="1611613960279"/><sessioninfo id="LAPTOP-11GN0I3Q-988bf7b8" start="1611613983447" dump="1611613990377"/><sessioninfo id="LAPTOP-11GN0I3Q-62b46019" start="1611614035435" dump="1611614042601"/><sessioninfo id="LAPTOP-11GN0I3Q-4d254ec6" start="1611614090978" dump="1611614098804"/><sessioninfo id="LAPTOP-11GN0I3Q-f63c4af0" start="1611614250668" dump="1611614253744"/><sessioninfo id="LAPTOP-11GN0I3Q-6808794a" start="1611614312108" dump="1611614315704"/><sessioninfo id="LAPTOP-11GN0I3Q-fc9aaf45" start="1611614342790" dump="1611614345501"/><sessioninfo id="LAPTOP-11GN0I3Q-2c601e5e" start="1611615721285" dump="1611615723709"/><sessioninfo id="LAPTOP-11GN0I3Q-73382e86" start="1611615920644" dump="1611615922619"/><sessioninfo id="LAPTOP-11GN0I3Q-e8c7cf57" start="1611615955111" dump="1611615957668"/><sessioninfo id="LAPTOP-11GN0I3Q-1f45f9a4" start="1611615990036" dump="1611615992606"/><sessioninfo id="LAPTOP-11GN0I3Q-7dac8708" start="1611616156453" dump="1611616158828"/><sessioninfo id="LAPTOP-11GN0I3Q-76c714c1" start="1611616189613" dump="1611616192115"/><sessioninfo id="LAPTOP-11GN0I3Q-1838aca6" start="1611616208634" dump="1611616212141"/><sessioninfo id="LAPTOP-11GN0I3Q-19e86fab" start="1611616256417" dump="1611616259368"/><sessioninfo id="LAPTOP-11GN0I3Q-e4dcecb9" start="1611616341251" dump="1611616344135"/><sessioninfo id="LAPTOP-11GN0I3Q-630bc667" start="1611616420352" dump="1611616422682"/><sessioninfo id="LAPTOP-11GN0I3Q-887e9521" start="1611616483807" dump="1611616487355"/><sessioninfo id="LAPTOP-11GN0I3Q-d0d21993" start="1611616496504" dump="1611616501060"/><sessioninfo id="LAPTOP-11GN0I3Q-43e0cd25" start="1611616523554" dump="1611616539255"/><sessioninfo id="LAPTOP-11GN0I3Q-886088b2" start="1611616627763" dump="1611616630161"/><sessioninfo id="LAPTOP-11GN0I3Q-16159593" start="1611617360729" dump="1611617362910"/><sessioninfo id="LAPTOP-11GN0I3Q-f6c27b19" start="1611617377410" dump="1611617379495"/><sessioninfo id="LAPTOP-11GN0I3Q-544a37f4" start="1611617402510" dump="1611617405050"/><sessioninfo id="LAPTOP-11GN0I3Q-6a391e2c" start="1611617513823" dump="1611617515768"/><sessioninfo id="LAPTOP-11GN0I3Q-d9ffad79" start="1611617599899" dump="1611617602005"/><sessioninfo id="LAPTOP-11GN0I3Q-b60fddb6" start="1611617650938" dump="1611617652794"/><sessioninfo id="LAPTOP-11GN0I3Q-d25b5f38" start="1611617677428" dump="1611617679474"/><sessioninfo id="LAPTOP-11GN0I3Q-e923a785" start="1611617696403" dump="1611617698381"/><sessioninfo id="LAPTOP-11GN0I3Q-27b3b9d6" start="1611617723319" dump="1611617725732"/><sessioninfo id="LAPTOP-11GN0I3Q-f6a94548" start="1611617737683" dump="1611617739782"/><sessioninfo id="LAPTOP-11GN0I3Q-aad20e10" start="1611617823049" dump="1611617825254"/><sessioninfo id="LAPTOP-11GN0I3Q-82b2520e" start="1611618453156" dump="1611618457521"/><sessioninfo id="LAPTOP-11GN0I3Q-c9ab5f6" start="1611618501996" dump="1611618504850"/><sessioninfo id="LAPTOP-11GN0I3Q-9e4e1d40" start="1611618593092" dump="1611618595750"/><sessioninfo id="LAPTOP-11GN0I3Q-f61d0b03" start="1611618696976" dump="1611618700507"/><sessioninfo id="LAPTOP-11GN0I3Q-507eb117" start="1611618735465" dump="1611618738254"/><sessioninfo id="LAPTOP-11GN0I3Q-bbb820d0" start="1611618753620" dump="1611618756458"/><sessioninfo id="LAPTOP-11GN0I3Q-fabba14b" start="1611618908899" dump="1611618912766"/><sessioninfo id="LAPTOP-11GN0I3Q-4b7ef865" start="1611619034203" dump="1611619036474"/><sessioninfo id="LAPTOP-11GN0I3Q-ae27842f" start="1611619110422" dump="1611619114299"/><sessioninfo id="LAPTOP-11GN0I3Q-f25dc5bb" start="1611619190684" dump="1611619193636"/><sessioninfo id="LAPTOP-11GN0I3Q-393855ef" start="1611619301467" dump="1611619304103"/><sessioninfo id="LAPTOP-11GN0I3Q-a7164b78" start="1611619325638" dump="1611619328161"/><sessioninfo id="LAPTOP-11GN0I3Q-c61d6d1c" start="1611619403956" dump="1611619407844"/><sessioninfo id="LAPTOP-11GN0I3Q-58191f0d" start="1611619487844" dump="1611619492257"/><sessioninfo id="LAPTOP-11GN0I3Q-f584c7be" start="1611619521023" dump="1611619525337"/><sessioninfo id="LAPTOP-11GN0I3Q-a838b935" start="1611619536514" dump="1611619541822"/><sessioninfo id="LAPTOP-11GN0I3Q-14011955" start="1611619555665" dump="1611619559975"/><sessioninfo id="LAPTOP-11GN0I3Q-a2ae9097" start="1611619593855" dump="1611619616404"/><sessioninfo id="LAPTOP-11GN0I3Q-873a041a" start="1611619669476" dump="1611619672139"/><sessioninfo id="LAPTOP-11GN0I3Q-e97b615b" start="1611619690066" dump="1611619692633"/><sessioninfo id="LAPTOP-11GN0I3Q-98912b9" start="1611619744936" dump="1611619747354"/><sessioninfo id="LAPTOP-11GN0I3Q-b71c0035" start="1611619760411" dump="1611619763347"/><sessioninfo id="LAPTOP-11GN0I3Q-5de87e25" start="1611619795836" dump="1611619798870"/><sessioninfo id="LAPTOP-11GN0I3Q-e444eeda" start="1611620867396" dump="1611620870228"/><sessioninfo id="LAPTOP-11GN0I3Q-9cc4dee9" start="1611621086538" dump="1611621088861"/><sessioninfo id="LAPTOP-11GN0I3Q-6a41610b" start="1611621197322" dump="1611621199607"/><sessioninfo id="LAPTOP-11GN0I3Q-abe6a619" start="1611621216851" dump="1611621218923"/><sessioninfo id="LAPTOP-11GN0I3Q-47b94c70" start="1611621231656" dump="1611621234341"/><sessioninfo id="LAPTOP-11GN0I3Q-1a92144f" start="1611621335209" dump="1611621337070"/><sessioninfo id="LAPTOP-11GN0I3Q-717a0f20" start="1611621675617" dump="1611621678112"/><sessioninfo id="LAPTOP-11GN0I3Q-e725811c" start="1611624413410" dump="1611624416298"/><sessioninfo id="LAPTOP-11GN0I3Q-8a403f4b" start="1611624448634" dump="1611624450571"/><sessioninfo id="LAPTOP-11GN0I3Q-3178e816" start="1611624606805" dump="1611624608936"/><sessioninfo id="LAPTOP-11GN0I3Q-d8432eae" start="1611624652003" dump="1611624653892"/><sessioninfo id="LAPTOP-11GN0I3Q-9e0b558d" start="1611624665877" dump="1611624668206"/><sessioninfo id="LAPTOP-11GN0I3Q-7585f086" start="1611624745611" dump="1611624747553"/><sessioninfo id="LAPTOP-11GN0I3Q-370003d9" start="1611624757285" dump="1611624759389"/><sessioninfo id="LAPTOP-11GN0I3Q-c8d833c9" start="1611624776904" dump="1611624779317"/><sessioninfo id="LAPTOP-11GN0I3Q-943c9630" start="1611624848920" dump="1611624854941"/><sessioninfo id="LAPTOP-11GN0I3Q-9b21f769" start="1611624928330" dump="1611624934697"/><sessioninfo id="LAPTOP-11GN0I3Q-6b828bc3" start="1611625007651" dump="1611625013586"/><sessioninfo id="LAPTOP-11GN0I3Q-8d291deb" start="1611625039438" dump="1611625083052"/><sessioninfo id="LAPTOP-11GN0I3Q-4a46ba97" start="1611625186999" dump="1611625209582"/><sessioninfo id="LAPTOP-11GN0I3Q-58f07f" start="1611625242918" dump="1611625440609"/><sessioninfo id="LAPTOP-11GN0I3Q-2ddb3925" start="1611625507264" dump="1611625934459"/><sessioninfo id="LAPTOP-11GN0I3Q-be7cd8df" start="1611626032715" dump="1611626035699"/><sessioninfo id="LAPTOP-11GN0I3Q-6bc2aaed" start="1611626060873" dump="1611626063117"/><sessioninfo id="LAPTOP-11GN0I3Q-64a875de" start="1611626077472" dump="1611626079377"/><sessioninfo id="LAPTOP-11GN0I3Q-351c56cd" start="1611626143180" dump="1611626144936"/><sessioninfo id="LAPTOP-11GN0I3Q-374eb922" start="1611626152054" dump="1611626154129"/><sessioninfo id="LAPTOP-11GN0I3Q-bb58e2ef" start="1611626206120" dump="1611626208088"/><sessioninfo id="LAPTOP-11GN0I3Q-cd6e38bd" start="1611665488095" dump="1611665490753"/><sessioninfo id="LAPTOP-11GN0I3Q-187a1689" start="1611665634545" dump="1611665636731"/><sessioninfo id="LAPTOP-11GN0I3Q-bb4861fd" start="1611665661383" dump="1611665680021"/><sessioninfo id="LAPTOP-11GN0I3Q-6cd25c42" start="1611665811608" dump="1611665829656"/><sessioninfo id="LAPTOP-11GN0I3Q-2930fa21" start="1611665853854" dump="1611665862818"/><sessioninfo id="LAPTOP-11GN0I3Q-abbe8b42" start="1611665958632" dump="1611665977242"/><sessioninfo id="LAPTOP-11GN0I3Q-d6440c5d" start="1611666025964" dump="1611666043729"/><sessioninfo id="LAPTOP-11GN0I3Q-e7a884f3" start="1611666140094" dump="1611666156418"/><sessioninfo id="LAPTOP-11GN0I3Q-a7b9b256" start="1611666193211" dump="1611666210506"/><sessioninfo id="LAPTOP-11GN0I3Q-6a8c0558" start="1611666226534" dump="1611666243054"/><sessioninfo id="LAPTOP-11GN0I3Q-6a7dfa91" start="1611666307184" dump="1611666325626"/><sessioninfo id="LAPTOP-11GN0I3Q-bad4417c" start="1611666392270" dump="1611666410794"/><sessioninfo id="LAPTOP-11GN0I3Q-9bc7dc5c" start="1611666565618" dump="1611666567758"/><sessioninfo id="LAPTOP-11GN0I3Q-82505d91" start="1611666587748" dump="1611666605644"/><sessioninfo id="LAPTOP-11GN0I3Q-1bc3eae9" start="1611666669799" dump="1611666671795"/><sessioninfo id="LAPTOP-11GN0I3Q-3f907713" start="1611666712364" dump="1611666728936"/><sessioninfo id="LAPTOP-11GN0I3Q-c2bb158c" start="1611666767397" dump="1611666769558"/><sessioninfo id="LAPTOP-11GN0I3Q-3e4fdc7a" start="1611666784615" dump="1611666803650"/><sessioninfo id="LAPTOP-11GN0I3Q-8ec275d8" start="1611666854634" dump="1611666872248"/><sessioninfo id="LAPTOP-11GN0I3Q-775e3fea" start="1611666929171" dump="1611666946127"/><sessioninfo id="LAPTOP-11GN0I3Q-513110ff" start="1611667028613" dump="1611667045764"/><sessioninfo id="LAPTOP-11GN0I3Q-4c371610" start="1611667075675" dump="1611667094114"/><sessioninfo id="LAPTOP-11GN0I3Q-de26d8a7" start="1611667208044" dump="1611667225702"/><sessioninfo id="LAPTOP-11GN0I3Q-f98edb2e" start="1611667288163" dump="1611667305493"/><sessioninfo id="LAPTOP-11GN0I3Q-8022eb4c" start="1611667374584" dump="1611667449020"/><sessioninfo id="LAPTOP-11GN0I3Q-f9482537" start="1611667463778" dump="1611667483309"/><sessioninfo id="LAPTOP-11GN0I3Q-a58e9c07" start="1611667509180" dump="1611667526735"/><sessioninfo id="LAPTOP-11GN0I3Q-39190cf3" start="1611667566076" dump="1611667583588"/><sessioninfo id="LAPTOP-11GN0I3Q-31427b2c" start="1611667604749" dump="1611667623734"/><sessioninfo id="LAPTOP-11GN0I3Q-a787b62c" start="1611667782043" dump="1611667801001"/><sessioninfo id="LAPTOP-11GN0I3Q-673a8e51" start="1611667949464" dump="1611667951537"/><sessioninfo id="LAPTOP-11GN0I3Q-ecf314c7" start="1611668004446" dump="1611668022474"/><sessioninfo id="LAPTOP-11GN0I3Q-999c960f" start="1611668039655" dump="1611668047793"/><sessioninfo id="LAPTOP-11GN0I3Q-f03c5392" start="1611668161884" dump="1611668180155"/><sessioninfo id="LAPTOP-11GN0I3Q-21cfa852" start="1611668201776" dump="1611668219256"/><sessioninfo id="LAPTOP-11GN0I3Q-4993031" start="1611668346785" dump="1611668364788"/><sessioninfo id="LAPTOP-11GN0I3Q-21950f41" start="1611668390054" dump="1611668393918"/><sessioninfo id="LAPTOP-11GN0I3Q-a406411a" start="1611668472021" dump="1611668486928"/><sessioninfo id="LAPTOP-11GN0I3Q-92fe7da7" start="1611668539640" dump="1611668545073"/><sessioninfo id="LAPTOP-11GN0I3Q-edc6d9f8" start="1611668649379" dump="1611668655014"/><sessioninfo id="LAPTOP-11GN0I3Q-382afd0c" start="1611669359319" dump="1611669365554"/><sessioninfo id="LAPTOP-11GN0I3Q-c90a3b81" start="1611669368805" dump="1611669376097"/><sessioninfo id="LAPTOP-11GN0I3Q-a9013045" start="1611669428835" dump="1611669436092"/><sessioninfo id="LAPTOP-11GN0I3Q-ba232ed2" start="1611669605977" dump="1611669612335"/><sessioninfo id="LAPTOP-11GN0I3Q-befd0572" start="1611669725616" dump="1611669731631"/><sessioninfo id="LAPTOP-11GN0I3Q-8e72c0a4" start="1611669742100" dump="1611669744535"/><sessioninfo id="LAPTOP-11GN0I3Q-17a771c3" start="1611669783831" dump="1611669786099"/><sessioninfo id="LAPTOP-11GN0I3Q-bb247596" start="1611669814171" dump="1611669816521"/><sessioninfo id="LAPTOP-11GN0I3Q-4a2c210" start="1611669866486" dump="1611669871359"/><sessioninfo id="LAPTOP-11GN0I3Q-6f7aa1dd" start="1611670562122" dump="1611670567980"/><sessioninfo id="LAPTOP-11GN0I3Q-e5e59fc0" start="1611671227270" dump="1611671233319"/><sessioninfo id="LAPTOP-11GN0I3Q-a1718b47" start="1611671265676" dump="1611671272506"/><sessioninfo id="LAPTOP-11GN0I3Q-f75314fe" start="1611671336201" dump="1611671341574"/><sessioninfo id="LAPTOP-11GN0I3Q-22bff25c" start="1611671491513" dump="1611671493559"/><sessioninfo id="LAPTOP-11GN0I3Q-d6ec0640" start="1611671514630" dump="1611671516663"/><sessioninfo id="LAPTOP-11GN0I3Q-f49af256" start="1611671543332" dump="1611671545334"/><sessioninfo id="LAPTOP-11GN0I3Q-d046e258" start="1611671744124" dump="1611671747591"/><sessioninfo id="LAPTOP-11GN0I3Q-7924eb79" start="1611671766146" dump="1611671781587"/><sessioninfo id="LAPTOP-11GN0I3Q-48f0fe45" start="1611671850153" dump="1611671893666"/><sessioninfo id="LAPTOP-11GN0I3Q-dc7a846f" start="1611671902883" dump="1611671905001"/><sessioninfo id="LAPTOP-11GN0I3Q-251a9eaa" start="1611671963871" dump="1611671965864"/><sessioninfo id="LAPTOP-11GN0I3Q-6ef1e0e9" start="1611672035060" dump="1611672080629"/><sessioninfo id="LAPTOP-11GN0I3Q-5a75de15" start="1611675108718" dump="1611675115651"/><sessioninfo id="LAPTOP-11GN0I3Q-70df394d" start="1611675153837" dump="1611675160681"/><sessioninfo id="LAPTOP-11GN0I3Q-cbf1d64a" start="1611675283870" dump="1611675289672"/><sessioninfo id="LAPTOP-11GN0I3Q-2793aaba" start="1611675332197" dump="1611675334219"/><sessioninfo id="LAPTOP-11GN0I3Q-c2c78968" start="1611675462418" dump="1611675467310"/><sessioninfo id="LAPTOP-11GN0I3Q-8fb4958d" start="1611675709043" dump="1611675711612"/><sessioninfo id="LAPTOP-11GN0I3Q-f84cec4d" start="1611675735215" dump="1611675742021"/><sessioninfo id="LAPTOP-11GN0I3Q-ca81e248" start="1611675819117" dump="1611675826036"/><sessioninfo id="LAPTOP-11GN0I3Q-3fba5299" start="1611675897736" dump="1611675905501"/><sessioninfo id="LAPTOP-11GN0I3Q-6296aec3" start="1611675911329" dump="1611675917793"/><sessioninfo id="LAPTOP-11GN0I3Q-ad943143" start="1611675973980" dump="1611675980471"/><sessioninfo id="LAPTOP-11GN0I3Q-7d2b6a41" start="1611676069490" dump="1611676076362"/><sessioninfo id="LAPTOP-11GN0I3Q-d7b65703" start="1611676243856" dump="1611676250395"/><sessioninfo id="LAPTOP-11GN0I3Q-f8bd116" start="1611676330036" dump="1611676336840"/><sessioninfo id="LAPTOP-11GN0I3Q-acb1149f" start="1611677397575" dump="1611677404406"/><sessioninfo id="LAPTOP-11GN0I3Q-7b071115" start="1611677494866" dump="1611677500281"/><sessioninfo id="LAPTOP-11GN0I3Q-60250960" start="1611677586901" dump="1611677589221"/><sessioninfo id="LAPTOP-11GN0I3Q-e8b28d12" start="1611677609778" dump="1611677611814"/><sessioninfo id="LAPTOP-11GN0I3Q-d7e71ca6" start="1611677737959" dump="1611677740072"/><sessioninfo id="LAPTOP-11GN0I3Q-e41284c6" start="1611677770628" dump="1611677772902"/><sessioninfo id="LAPTOP-11GN0I3Q-742d4c5d" start="1611677790824" dump="1611677793679"/><sessioninfo id="LAPTOP-11GN0I3Q-d452bb68" start="1611679497827" dump="1611679501130"/><sessioninfo id="LAPTOP-11GN0I3Q-d99e5cf1" start="1611680918429" dump="1611680921446"/><sessioninfo id="LAPTOP-11GN0I3Q-50b0af08" start="1611680936792" dump="1611680939851"/><sessioninfo id="LAPTOP-11GN0I3Q-67b5739d" start="1611681716280" dump="1611681719001"/><sessioninfo id="LAPTOP-11GN0I3Q-c322e5d8" start="1611683428658" dump="1611683431183"/><sessioninfo id="LAPTOP-11GN0I3Q-dfa32e7e" start="1611683618231" dump="1611683620617"/><sessioninfo id="LAPTOP-11GN0I3Q-98468ab8" start="1611686069263" dump="1611686078454"/><sessioninfo id="LAPTOP-11GN0I3Q-faa79ab0" start="1611686110265" dump="1611686112872"/><sessioninfo id="LAPTOP-11GN0I3Q-ad0a79cb" start="1611686119617" dump="1611686129439"/><sessioninfo id="LAPTOP-11GN0I3Q-472043b" start="1611686241643" dump="1611686247905"/><sessioninfo id="LAPTOP-11GN0I3Q-7f23d526" start="1611686258125" dump="1611686268882"/><sessioninfo id="LAPTOP-11GN0I3Q-38bb7037" start="1611686507203" dump="1611686560924"/><sessioninfo id="LAPTOP-11GN0I3Q-8db11d9b" start="1611687107861" dump="1611687158321"/><sessioninfo id="LAPTOP-11GN0I3Q-5de82cad" start="1611687221577" dump="1611687269238"/><sessioninfo id="LAPTOP-11GN0I3Q-5883ee60" start="1611687468879" dump="1611687477812"/><sessioninfo id="LAPTOP-11GN0I3Q-9dd011b0" start="1611687547496" dump="1611687556467"/><sessioninfo id="LAPTOP-11GN0I3Q-7f6a8d43" start="1611687779451" dump="1611687788111"/><sessioninfo id="LAPTOP-11GN0I3Q-71b9f79" start="1611687803578" dump="1611687811767"/><sessioninfo id="LAPTOP-11GN0I3Q-72344ef3" start="1611687876371" dump="1611687883488"/><sessioninfo id="LAPTOP-11GN0I3Q-768461a0" start="1611690817103" dump="1611690822320"/><sessioninfo id="LAPTOP-11GN0I3Q-8b5d95aa" start="1611692147824" dump="1611692155608"/><sessioninfo id="LAPTOP-11GN0I3Q-17424f7f" start="1611692181833" dump="1611692190145"/><sessioninfo id="LAPTOP-11GN0I3Q-3bac603" start="1611692199226" dump="1611692208072"/><sessioninfo id="LAPTOP-11GN0I3Q-caad075d" start="1611692216653" dump="1611692225108"/><sessioninfo id="LAPTOP-11GN0I3Q-b747b4f9" start="1611692313639" dump="1611692316118"/><sessioninfo id="LAPTOP-11GN0I3Q-bea4ae9f" start="1611692339907" dump="1611692345353"/><sessioninfo id="LAPTOP-11GN0I3Q-4bd2e119" start="1611692900914" dump="1611692909443"/><sessioninfo id="LAPTOP-11GN0I3Q-b53d634a" start="1611693011681" dump="1611693018639"/><sessioninfo id="LAPTOP-11GN0I3Q-f0bf067d" start="1611693699030" dump="1611693707033"/><sessioninfo id="LAPTOP-11GN0I3Q-5cb5ad46" start="1611693738350" dump="1611693746576"/><sessioninfo id="LAPTOP-11GN0I3Q-e8d960b4" start="1611695178221" dump="1611695183461"/><sessioninfo id="LAPTOP-11GN0I3Q-eed145d" start="1611695226441" dump="1611695235083"/><sessioninfo id="LAPTOP-11GN0I3Q-2f5a306a" start="1611695261021" dump="1611695268519"/><sessioninfo id="LAPTOP-11GN0I3Q-98efe43b" start="1611695421840" dump="1611695426162"/><sessioninfo id="LAPTOP-11GN0I3Q-170f1b6c" start="1611695447948" dump="1611695456590"/><sessioninfo id="LAPTOP-11GN0I3Q-7463d684" start="1611696066392" dump="1611696070257"/><sessioninfo id="LAPTOP-11GN0I3Q-54fddce5" start="1611696089254" dump="1611696091978"/><sessioninfo id="LAPTOP-11GN0I3Q-1c214ae6" start="1611696108965" dump="1611696112174"/><sessioninfo id="LAPTOP-11GN0I3Q-6758f4d8" start="1611696182074" dump="1611696184673"/><sessioninfo id="LAPTOP-11GN0I3Q-ab7241f9" start="1611696346495" dump="1611696351104"/><sessioninfo id="LAPTOP-11GN0I3Q-1b11f783" start="1611696410880" dump="1611696415788"/><sessioninfo id="LAPTOP-11GN0I3Q-d17abfba" start="1611696449963" dump="1611696458563"/><sessioninfo id="LAPTOP-11GN0I3Q-68f6379e" start="1611696551237" dump="1611696553530"/><sessioninfo id="LAPTOP-11GN0I3Q-46bf73f2" start="1611696609987" dump="1611696612425"/><sessioninfo id="LAPTOP-11GN0I3Q-b3705c39" start="1611696633541" dump="1611696636163"/><sessioninfo id="LAPTOP-11GN0I3Q-17158660" start="1611696684421" dump="1611696688534"/><sessioninfo id="LAPTOP-11GN0I3Q-c46d75a9" start="1611696694261" dump="1611696698452"/><sessioninfo id="LAPTOP-11GN0I3Q-e3da4194" start="1611696765663" dump="1611696768174"/><sessioninfo id="LAPTOP-11GN0I3Q-35bd468e" start="1611696779632" dump="1611696782308"/><sessioninfo id="LAPTOP-11GN0I3Q-4428e53f" start="1611696797415" dump="1611696801167"/><sessioninfo id="LAPTOP-11GN0I3Q-9c5d6253" start="1611696817559" dump="1611696834896"/><sessioninfo id="LAPTOP-11GN0I3Q-34ba6eb8" start="1611699562227" dump="1611699575629"/><sessioninfo id="LAPTOP-11GN0I3Q-dd69518" start="1611699582858" dump="1611699584820"/><sessioninfo id="LAPTOP-11GN0I3Q-b6abe78a" start="1611699596118" dump="1611699599539"/><sessioninfo id="LAPTOP-11GN0I3Q-9ae4ca16" start="1611699689636" dump="1611699693347"/><sessioninfo id="LAPTOP-11GN0I3Q-616c4903" start="1611699728452" dump="1611699730436"/><sessioninfo id="LAPTOP-11GN0I3Q-1ce126c9" start="1611699792268" dump="1611699794233"/><sessioninfo id="LAPTOP-11GN0I3Q-f29a9c8d" start="1611699828293" dump="1611699833957"/><sessioninfo id="LAPTOP-11GN0I3Q-55a076d1" start="1611699997068" dump="1611700015092"/><sessioninfo id="LAPTOP-11GN0I3Q-f6a6e99f" start="1611700069292" dump="1611700073193"/><sessioninfo id="LAPTOP-11GN0I3Q-bf38c1cd" start="1611700129070" dump="1611700144058"/><sessioninfo id="LAPTOP-11GN0I3Q-db04f61b" start="1611700239433" dump="1611700241968"/><sessioninfo id="LAPTOP-11GN0I3Q-e9b06986" start="1611700258718" dump="1611700299218"/><sessioninfo id="LAPTOP-11GN0I3Q-31688bcc" start="1611700363423" dump="1611700366024"/><sessioninfo id="LAPTOP-11GN0I3Q-6904a796" start="1611700442064" dump="1611700444037"/><sessioninfo id="LAPTOP-11GN0I3Q-e30d68e9" start="1611700470376" dump="1611700472665"/><sessioninfo id="LAPTOP-11GN0I3Q-f61770fb" start="1611700522884" dump="1611700525075"/><sessioninfo id="LAPTOP-11GN0I3Q-57b0e5ac" start="1611700574710" dump="1611700576770"/><sessioninfo id="LAPTOP-11GN0I3Q-5eeab42a" start="1611700619217" dump="1611700661589"/><sessioninfo id="LAPTOP-11GN0I3Q-77e00747" start="1611700703150" dump="1611700706243"/><sessioninfo id="LAPTOP-11GN0I3Q-cafbe9fe" start="1611700722998" dump="1611700725282"/><sessioninfo id="LAPTOP-11GN0I3Q-a9bd950d" start="1611700769813" dump="1611700771748"/><sessioninfo id="LAPTOP-11GN0I3Q-19334590" start="1611700782294" dump="1611700784886"/><sessioninfo id="LAPTOP-11GN0I3Q-d0e0957b" start="1611700812005" dump="1611700814550"/><sessioninfo id="LAPTOP-11GN0I3Q-40e60361" start="1611700833188" dump="1611700836036"/><sessioninfo id="LAPTOP-11GN0I3Q-25ea116" start="1611701377915" dump="1611701380486"/><sessioninfo id="LAPTOP-11GN0I3Q-4891457a" start="1611701387987" dump="1611701390311"/><sessioninfo id="LAPTOP-11GN0I3Q-54dfe459" start="1611701452903" dump="1611701455134"/><sessioninfo id="LAPTOP-11GN0I3Q-2ab74167" start="1611701478749" dump="1611701491997"/><sessioninfo id="LAPTOP-11GN0I3Q-afc51e74" start="1611701506725" dump="1611701633289"/><sessioninfo id="LAPTOP-11GN0I3Q-ef904710" start="1611701762662" dump="1611701765026"/><sessioninfo id="LAPTOP-11GN0I3Q-8ae6a011" start="1611702148665" dump="1611702150732"/><sessioninfo id="LAPTOP-11GN0I3Q-ded54c5f" start="1611702337276" dump="1611702339395"/><sessioninfo id="LAPTOP-11GN0I3Q-bb7e1004" start="1611702350288" dump="1611702352594"/><sessioninfo id="LAPTOP-11GN0I3Q-12941e3f" start="1611702410940" dump="1611702412821"/><sessioninfo id="LAPTOP-11GN0I3Q-8c5bd419" start="1611702450995" dump="1611702452981"/><sessioninfo id="LAPTOP-11GN0I3Q-1ae4fe1e" start="1611702496318" dump="1611702498385"/><sessioninfo id="LAPTOP-11GN0I3Q-a3d3f1ca" start="1611702527953" dump="1611702530087"/><sessioninfo id="LAPTOP-11GN0I3Q-9731f" start="1611702577501" dump="1611702579887"/><sessioninfo id="LAPTOP-11GN0I3Q-612797a7" start="1611703037729" dump="1611703039752"/><sessioninfo id="LAPTOP-11GN0I3Q-b8505e07" start="1611703067519" dump="1611703081237"/><sessioninfo id="LAPTOP-11GN0I3Q-7b876f0f" start="1611708799315" dump="1611708809641"/><sessioninfo id="LAPTOP-11GN0I3Q-2ed90c62" start="1611708874306" dump="1611708877353"/><sessioninfo id="LAPTOP-11GN0I3Q-7ee7bf71" start="1611710422368" dump="1611710428178"/><sessioninfo id="LAPTOP-11GN0I3Q-221aa77f" start="1611710464037" dump="1611710471213"/><sessioninfo id="LAPTOP-11GN0I3Q-fbb33b30" start="1611710491919" dump="1611710497461"/><sessioninfo id="LAPTOP-11GN0I3Q-6cccc5fd" start="1611711291039" dump="1611711295021"/><sessioninfo id="LAPTOP-11GN0I3Q-4814d369" start="1611711549822" dump="1611711552965"/><sessioninfo id="LAPTOP-11GN0I3Q-f844332b" start="1611711745023" dump="1611711747500"/><sessioninfo id="LAPTOP-11GN0I3Q-522f0fff" start="1611711870966" dump="1611711873616"/><sessioninfo id="LAPTOP-11GN0I3Q-fbbb7d9e" start="1611711944467" dump="1611711947013"/><sessioninfo id="LAPTOP-11GN0I3Q-70e90b4f" start="1611711981570" dump="1611711984996"/><sessioninfo id="LAPTOP-11GN0I3Q-29c9e820" start="1611713283160" dump="1611713286264"/><sessioninfo id="LAPTOP-11GN0I3Q-52c35fa8" start="1611713305541" dump="1611713308693"/><sessioninfo id="LAPTOP-11GN0I3Q-baa1a26a" start="1611713670418" dump="1611713673097"/><sessioninfo id="LAPTOP-11GN0I3Q-4364dde3" start="1611713755637" dump="1611713758399"/><sessioninfo id="LAPTOP-11GN0I3Q-96ef7c1f" start="1611713943907" dump="1611713946733"/><sessioninfo id="LAPTOP-11GN0I3Q-11d9777a" start="1611714028301" dump="1611714031324"/><sessioninfo id="LAPTOP-11GN0I3Q-6873166c" start="1611714472099" dump="1611714474921"/><sessioninfo id="LAPTOP-11GN0I3Q-8dfe4ec0" start="1611714497073" dump="1611714499332"/><sessioninfo id="LAPTOP-11GN0I3Q-573eb861" start="1611714507095" dump="1611714509998"/><sessioninfo id="LAPTOP-11GN0I3Q-d413dff5" start="1611714566239" dump="1611714570263"/><sessioninfo id="LAPTOP-11GN0I3Q-9ec71b14" start="1611714998630" dump="1611715002124"/><sessioninfo id="LAPTOP-11GN0I3Q-b18717dd" start="1611748565262" dump="1611748567900"/><sessioninfo id="LAPTOP-11GN0I3Q-9a4d96be" start="1611748577969" dump="1611748591806"/><sessioninfo id="LAPTOP-11GN0I3Q-f8c14fe1" start="1611748702069" dump="1611748715769"/><sessioninfo id="LAPTOP-11GN0I3Q-15b49e3b" start="1611748979818" dump="1611749024202"/><sessioninfo id="LAPTOP-11GN0I3Q-53e1a805" start="1611749038933" dump="1611749051771"/><sessioninfo id="LAPTOP-11GN0I3Q-f6dd2c4c" start="1611749176390" dump="1611749193196"/><sessioninfo id="LAPTOP-11GN0I3Q-cb772728" start="1611749198393" dump="1611749215578"/><sessioninfo id="LAPTOP-11GN0I3Q-68415550" start="1611749305736" dump="1611749322720"/><sessioninfo id="LAPTOP-11GN0I3Q-79fdd536" start="1611749499948" dump="1611749516945"/><sessioninfo id="LAPTOP-11GN0I3Q-90c54140" start="1611749545598" dump="1611749561643"/><sessioninfo id="LAPTOP-11GN0I3Q-3abbaff" start="1611749733900" dump="1611749751846"/><sessioninfo id="LAPTOP-11GN0I3Q-3cb6b48e" start="1611749888175" dump="1611749904309"/><sessioninfo id="LAPTOP-11GN0I3Q-b991bd6b" start="1611750060896" dump="1611750081377"/><sessioninfo id="LAPTOP-11GN0I3Q-27859f1d" start="1611750295880" dump="1611750316106"/><sessioninfo id="LAPTOP-11GN0I3Q-a5f32793" start="1611750354533" dump="1611750371361"/><sessioninfo id="LAPTOP-11GN0I3Q-254cc6be" start="1611750420106" dump="1611750437632"/><sessioninfo id="LAPTOP-11GN0I3Q-b3384a39" start="1611750490851" dump="1611750507501"/><sessioninfo id="LAPTOP-11GN0I3Q-358720c" start="1611780868667" dump="1611780886199"/><sessioninfo id="LAPTOP-11GN0I3Q-e763fed8" start="1611780912644" dump="1611780929927"/><sessioninfo id="LAPTOP-11GN0I3Q-52f01544" start="1611781371980" dump="1611781374492"/><sessioninfo id="LAPTOP-11GN0I3Q-92463a4b" start="1611781398901" dump="1611781401145"/><sessioninfo id="LAPTOP-11GN0I3Q-56ec3619" start="1611781444609" dump="1611781462744"/><sessioninfo id="LAPTOP-11GN0I3Q-ea6139f4" start="1611781500335" dump="1611781505228"/><sessioninfo id="LAPTOP-11GN0I3Q-e4a4b954" start="1611781579473" dump="1611781598595"/><sessioninfo id="LAPTOP-11GN0I3Q-e1938042" start="1611781762768" dump="1611781764699"/><sessioninfo id="LAPTOP-11GN0I3Q-81e9b788" start="1611782037775" dump="1611782039926"/><sessioninfo id="LAPTOP-11GN0I3Q-d8fdd71c" start="1611782090225" dump="1611782092229"/><sessioninfo id="LAPTOP-11GN0I3Q-77630dc3" start="1611782165775" dump="1611782167767"/><sessioninfo id="LAPTOP-11GN0I3Q-8bd07dd0" start="1611782188887" dump="1611782192579"/><sessioninfo id="LAPTOP-11GN0I3Q-a333229d" start="1611782635067" dump="1611782650336"/><sessioninfo id="LAPTOP-11GN0I3Q-85358f53" start="1611791228345" dump="1611791242640"/><sessioninfo id="LAPTOP-11GN0I3Q-1ef0bd3f" start="1611791273612" dump="1611791276247"/><sessioninfo id="LAPTOP-11GN0I3Q-db72e88f" start="1611791309547" dump="1611791312378"/><sessioninfo id="LAPTOP-11GN0I3Q-d36a1880" start="1611791379420" dump="1611791382958"/><sessioninfo id="LAPTOP-11GN0I3Q-c8952e08" start="1611791432949" dump="1611791435568"/><sessioninfo id="LAPTOP-11GN0I3Q-164b1fb2" start="1611791499052" dump="1611791501970"/><sessioninfo id="LAPTOP-11GN0I3Q-c87d3262" start="1611791542584" dump="1611791544809"/><sessioninfo id="LAPTOP-11GN0I3Q-7c701e8c" start="1611791567186" dump="1611791570992"/><sessioninfo id="LAPTOP-11GN0I3Q-d8be64b5" start="1611791613079" dump="1611791615808"/><sessioninfo id="LAPTOP-11GN0I3Q-77a470bc" start="1611791652303" dump="1611791655342"/><sessioninfo id="LAPTOP-11GN0I3Q-dcbc082a" start="1611791715032" dump="1611791718150"/><sessioninfo id="LAPTOP-11GN0I3Q-d36d3492" start="1611791748856" dump="1611791752533"/><sessioninfo id="LAPTOP-11GN0I3Q-836c3916" start="1611791788308" dump="1611791797373"/><sessioninfo id="LAPTOP-11GN0I3Q-9dbc0dcf" start="1611791887517" dump="1611791895374"/><sessioninfo id="LAPTOP-11GN0I3Q-45af811c" start="1611792062299" dump="1611792064464"/><sessioninfo id="LAPTOP-11GN0I3Q-6fe2b14c" start="1611792100581" dump="1611792114154"/><sessioninfo id="LAPTOP-11GN0I3Q-b196f5da" start="1611792164068" dump="1611792166881"/><sessioninfo id="LAPTOP-11GN0I3Q-5c4e688b" start="1611792211481" dump="1611792214266"/><sessioninfo id="LAPTOP-11GN0I3Q-bf55cc92" start="1611792225881" dump="1611792228672"/><sessioninfo id="LAPTOP-11GN0I3Q-8c8ddd7e" start="1611792280045" dump="1611792293747"/><sessioninfo id="LAPTOP-11GN0I3Q-30f108aa" start="1611792318832" dump="1611792321513"/><sessioninfo id="LAPTOP-11GN0I3Q-6b5ebc49" start="1611792334284" dump="1611792337197"/><sessioninfo id="LAPTOP-11GN0I3Q-8253f5c2" start="1611792352781" dump="1611792356116"/><sessioninfo id="LAPTOP-11GN0I3Q-6d25dfbf" start="1611792400177" dump="1611792403548"/><sessioninfo id="LAPTOP-11GN0I3Q-16970410" start="1611792454781" dump="1611792458009"/><sessioninfo id="LAPTOP-11GN0I3Q-4575deba" start="1611792543925" dump="1611792638603"/><sessioninfo id="LAPTOP-11GN0I3Q-ba59bbb0" start="1611792747659" dump="1611792750550"/><sessioninfo id="LAPTOP-11GN0I3Q-ba52d7ee" start="1611793158096" dump="1611793161538"/><sessioninfo id="LAPTOP-11GN0I3Q-9fa556cb" start="1611793178062" dump="1611793180849"/><sessioninfo id="LAPTOP-11GN0I3Q-55298715" start="1611793272224" dump="1611793277704"/><sessioninfo id="LAPTOP-11GN0I3Q-50306c04" start="1611793314382" dump="1611793318989"/><sessioninfo id="LAPTOP-11GN0I3Q-6140edb6" start="1611793337540" dump="1611793341946"/><sessioninfo id="LAPTOP-11GN0I3Q-4b4ddc77" start="1611793353545" dump="1611793378352"/><sessioninfo id="LAPTOP-11GN0I3Q-4b2e7132" start="1611793418110" dump="1611793442583"/><sessioninfo id="LAPTOP-11GN0I3Q-330cd8a7" start="1611793469205" dump="1611793494237"/><sessioninfo id="LAPTOP-11GN0I3Q-4c204f0c" start="1611793516649" dump="1611793541698"/><sessioninfo id="LAPTOP-11GN0I3Q-650f0a86" start="1611793623230" dump="1611793650687"/><sessioninfo id="LAPTOP-11GN0I3Q-a9d260a6" start="1611793672280" dump="1611793686469"/><sessioninfo id="LAPTOP-11GN0I3Q-5e45b8e3" start="1611793704513" dump="1611793718672"/><sessioninfo id="LAPTOP-11GN0I3Q-d766362c" start="1611793745392" dump="1611793870868"/><sessioninfo id="LAPTOP-11GN0I3Q-e5a8ae1b" start="1611794370806" dump="1611794374030"/><sessioninfo id="LAPTOP-11GN0I3Q-a75eeecb" start="1611794380244" dump="1611794383965"/><sessioninfo id="LAPTOP-11GN0I3Q-809b6d68" start="1611794393418" dump="1611794407928"/><sessioninfo id="LAPTOP-11GN0I3Q-3b8a4d04" start="1611794411675" dump="1611794426438"/><sessioninfo id="LAPTOP-11GN0I3Q-8edb221c" start="1611794505943" dump="1611794520676"/><sessioninfo id="LAPTOP-11GN0I3Q-6e5c77d7" start="1611794579152" dump="1611794585927"/><sessioninfo id="LAPTOP-11GN0I3Q-79678219" start="1611794607429" dump="1611794621481"/><sessioninfo id="LAPTOP-11GN0I3Q-715ceb46" start="1611794632478" dump="1611794642641"/><sessioninfo id="LAPTOP-11GN0I3Q-13825b2e" start="1611794657533" dump="1611794682827"/><sessioninfo id="LAPTOP-11GN0I3Q-fdcdd5bf" start="1611794698191" dump="1611794713115"/><sessioninfo id="LAPTOP-11GN0I3Q-9ea72d1e" start="1611794756688" dump="1611794771068"/><sessioninfo id="LAPTOP-11GN0I3Q-60ed7b4f" start="1611794829780" dump="1611794834836"/><sessioninfo id="LAPTOP-11GN0I3Q-2399c5ec" start="1611794843688" dump="1611794848603"/><sessioninfo id="LAPTOP-11GN0I3Q-dd1719ff" start="1611794866133" dump="1611794881156"/><sessioninfo id="LAPTOP-11GN0I3Q-eb702ee9" start="1611794900223" dump="1611794915142"/><sessioninfo id="LAPTOP-11GN0I3Q-df36a7cb" start="1611795256982" dump="1611795262727"/><sessioninfo id="LAPTOP-11GN0I3Q-9c5a86ed" start="1611795279025" dump="1611795284363"/><sessioninfo id="LAPTOP-11GN0I3Q-a29bfb78" start="1611795308574" dump="1611795323362"/><sessioninfo id="LAPTOP-11GN0I3Q-b0590e41" start="1611795391009" dump="1611795407805"/><sessioninfo id="LAPTOP-11GN0I3Q-5a7ad6f7" start="1611795422867" dump="1611795438120"/><sessioninfo id="LAPTOP-11GN0I3Q-7e1b4486" start="1611795519429" dump="1611795533863"/><sessioninfo id="LAPTOP-11GN0I3Q-c4ec27b2" start="1611795735060" dump="1611795750677"/><sessioninfo id="LAPTOP-11GN0I3Q-d15da530" start="1611795817884" dump="1611795820422"/><sessioninfo id="LAPTOP-11GN0I3Q-a0d53095" start="1611795852102" dump="1611795864941"/><sessioninfo id="LAPTOP-11GN0I3Q-70027ded" start="1611795879991" dump="1611795882378"/><sessioninfo id="LAPTOP-11GN0I3Q-8ef40eec" start="1611795892882" dump="1611795895904"/><sessioninfo id="LAPTOP-11GN0I3Q-40613d6c" start="1611795928266" dump="1611795943315"/><sessioninfo id="LAPTOP-11GN0I3Q-e41f1a39" start="1611795949817" dump="1611795965389"/><sessioninfo id="LAPTOP-11GN0I3Q-943579f8" start="1611795986926" dump="1611797216258"/><sessioninfo id="LAPTOP-11GN0I3Q-111a9924" start="1611797484208" dump="1611797501328"/><sessioninfo id="LAPTOP-11GN0I3Q-565979a3" start="1611797514009" dump="1611797531281"/><sessioninfo id="LAPTOP-11GN0I3Q-198bcd9b" start="1611797608277" dump="1611797624077"/><sessioninfo id="LAPTOP-11GN0I3Q-8ef8cb95" start="1611797640151" dump="1611797654847"/><sessioninfo id="LAPTOP-11GN0I3Q-cd44076b" start="1611797667001" dump="1611797683077"/><sessioninfo id="LAPTOP-11GN0I3Q-400a8048" start="1611798455569" dump="1611798474298"/><sessioninfo id="LAPTOP-11GN0I3Q-9a92393" start="1611798485485" dump="1611798504145"/><sessioninfo id="LAPTOP-11GN0I3Q-68391808" start="1611798528312" dump="1611798546384"/><sessioninfo id="LAPTOP-11GN0I3Q-5837bead" start="1611798590502" dump="1611798608703"/><sessioninfo id="LAPTOP-11GN0I3Q-b6cc28e8" start="1611798618365" dump="1611798636327"/><sessioninfo id="LAPTOP-11GN0I3Q-4b6d38fb" start="1611798656454" dump="1611798673309"/><sessioninfo id="LAPTOP-11GN0I3Q-849d293" start="1611798745442" dump="1611798764657"/><sessioninfo id="LAPTOP-11GN0I3Q-ce516071" start="1611798786153" dump="1611798806717"/><sessioninfo id="LAPTOP-11GN0I3Q-59e662d2" start="1611798976049" dump="1611798993616"/><sessioninfo id="LAPTOP-11GN0I3Q-8bff0779" start="1611799002690" dump="1611799019723"/><sessioninfo id="LAPTOP-11GN0I3Q-ac1aff9b" start="1611799062962" dump="1611799080286"/><sessioninfo id="LAPTOP-11GN0I3Q-3d32eb2" start="1611799219450" dump="1611799239189"/><sessioninfo id="LAPTOP-11GN0I3Q-b958e22e" start="1611799261292" dump="1611799417589"/><sessioninfo id="LAPTOP-11GN0I3Q-d94d166b" start="1611799443545" dump="1611799449054"/><sessioninfo id="LAPTOP-11GN0I3Q-f49b4d37" start="1611799461061" dump="1611799466241"/><sessioninfo id="LAPTOP-11GN0I3Q-afff63c3" start="1611799628354" dump="1611799634081"/><sessioninfo id="LAPTOP-11GN0I3Q-60ee07
[...]
" mb="0" cb="0"/><line nr="40" mi="0" ci="3" mb="0" cb="0"/><line nr="41" mi="0" ci="3" mb="0" cb="0"/><line nr="43" mi="0" ci="3" mb="1" cb="1"/><line nr="44" mi="0" ci="4" mb="0" cb="0"/><line nr="45" mi="0" ci="4" mb="0" cb="0"/><line nr="46" mi="0" ci="2" mb="0" cb="0"/><line nr="47" mi="0" ci="4" mb="0" cb="0"/><line nr="51" mi="0" ci="1" mb="0" cb="0"/><line nr="54" mi="0" ci="3" mb="0" cb="0"/><line nr="58" mi="5" ci="0" mb="2" cb="0"/><line nr="59" mi="4" ci="0" mb="0" cb="0"/><line nr="60" mi="2" ci="0" mb="0" cb="0"/><line nr="61" mi="2" ci="0" mb="0" cb="0"/><line nr="65" mi="0" ci="6" mb="0" cb="0"/><line nr="69" mi="0" ci="8" mb="0" cb="0"/><line nr="73" mi="6" ci="0" mb="2" cb="0"/><line nr="74" mi="7" ci="0" mb="0" cb="0"/><line nr="76" mi="1" ci="0" mb="0" cb="0"/><line nr="79" mi="10" ci="0" mb="0" cb="0"/><line nr="80" mi="11" ci="0" mb="0" cb="0"/><line nr="81" mi="6" ci="0" mb="0" cb="0"/><line nr="82" mi="3" ci="0" mb="0" cb="0"/><line nr="83" mi="2" ci="0" mb="0" cb="0"/><line nr="87" mi="6" ci="0" mb="0" cb="0"/><line nr="88" mi="3" ci="0" mb="0" cb="0"/><line nr="89" mi="4" ci="0" mb="0" cb="0"/><line nr="90" mi="2" ci="0" mb="0" cb="0"/><line nr="94" mi="4" ci="0" mb="0" cb="0"/><line nr="95" mi="12" ci="0" mb="2" cb="0"/><line nr="96" mi="7" ci="0" mb="2" cb="0"/><line nr="97" mi="4" ci="0" mb="0" cb="0"/><line nr="99" mi="1" ci="0" mb="0" cb="0"/><line nr="101" mi="2" ci="0" mb="0" cb="0"/><line nr="119" mi="0" ci="5" mb="0" cb="0"/><line nr="121" mi="0" ci="6" mb="0" cb="0"/><line nr="122" mi="0" ci="9" mb="0" cb="0"/><line nr="123" mi="0" ci="2" mb="0" cb="0"/><line nr="124" mi="0" ci="9" mb="0" cb="0"/><line nr="125" mi="0" ci="8" mb="0" cb="0"/><line nr="126" mi="0" ci="3" mb="0" cb="0"/><line nr="128" mi="0" ci="6" mb="0" cb="0"/><line nr="129" mi="0" ci="1" mb="0" cb="0"/><line nr="130" mi="0" ci="13" mb="0" cb="0"/><line nr="131" mi="0" ci="1" mb="0" cb="0"/><line nr="134" mi="0" ci="7" mb="0" cb="0"/><line nr="135" mi="0" ci="16" mb="0" cb="0"/><line nr="136" mi="0" ci="1" mb="0" cb="0"/><line nr="137" mi="0" ci="1" mb="0" cb="0"/><line nr="140" mi="0" ci="2" mb="0" cb="0"/><line nr="141" mi="0" ci="2" mb="0" cb="0"/><line nr="142" mi="0" ci="11" mb="0" cb="0"/><line nr="146" mi="0" ci="2" mb="0" cb="0"/><line nr="147" mi="0" ci="2" mb="0" cb="0"/><line nr="148" mi="0" ci="11" mb="0" cb="0"/><line nr="152" mi="0" ci="9" mb="0" cb="0"/><line nr="153" mi="0" ci="5" mb="0" cb="0"/><counter type="INSTRUCTION" missed="104" covered="187"/><counter type="BRANCH" missed="9" covered="1"/><counter type="LINE" missed="22" covered="38"/><counter type="COMPLEXITY" missed="11" covered="11"/><counter type="METHOD" missed="6" covered="11"/><counter type="CLASS" missed="0" covered="1"/></sourcefile><counter type="INSTRUCTION" missed="269" covered="957"/><counter type="BRANCH" missed="26" covered="28"/><counter type="LINE" missed="67" covered="195"/><counter type="COMPLEXITY" missed="30" covered="60"/><counter type="METHOD" missed="15" covered="48"/><counter type="CLASS" missed="0" covered="5"/></package><package name="tourGuide/user"><class name="tourGuide/user/User" sourcefilename="User.java"><method name="&lt;init&gt;" desc="(Ljava/util/UUID;Ljava/lang/String;Ljava/lang/String;Ljava/lang/String;)V" line="20"><counter type="INSTRUCTION" missed="0" covered="35"/><counter type="LINE" missed="0" covered="10"/><counter type="COMPLEXITY" missed="0" covered="1"/><counter type="METHOD" missed="0" covered="1"/></method><method name="getUserId" desc="()Ljava/util/UUID;" line="35"><counter type="INSTRUCTION" missed="0" covered="3"/><counter type="LINE" missed="0" covered="1"/><counter type="COMPLEXITY" missed="0" covered="1"/><counter type="METHOD" missed="0" covered="1"/></method><method name="getUserName" desc="()Ljava/lang/String;" line="39"><counter type="INSTRUCTION" missed="0" covered="3"/><counter type="LINE" missed="0" covered="1"/><counter type="COMPLEXITY" missed="0" covered="1"/><counter type="METHOD" missed="0" covered="1"/></method><method name="setPhoneNumber" desc="(Ljava/lang/String;)V" line="43"><counter type="INSTRUCTION" missed="4" covered="0"/><counter type="LINE" missed="2" covered="0"/><counter type="COMPLEXITY" missed="1" covered="0"/><counter type="METHOD" missed="1" covered="0"/></method><method name="getPhoneNumber" desc="()Ljava/lang/String;" line="47"><counter type="INSTRUCTION" missed="3" covered="0"/><counter type="LINE" missed="1" covered="0"/><counter type="COMPLEXITY" missed="1" covered="0"/><counter type="METHOD" missed="1" covered="0"/></method><method name="setEmailAddress" desc="(Ljava/lang/String;)V" line="51"><counter type="INSTRUCTION" missed="4" covered="0"/><counter type="LINE" missed="2" covered="0"/><counter type="COMPLEXITY" missed="1" covered="0"/><counter type="METHOD" missed="1" covered="0"/></method><method name="getEmailAddress" desc="()Ljava/lang/String;" line="55"><counter type="INSTRUCTION" missed="3" covered="0"/><counter type="LINE" missed="1" covered="0"/><counter type="COMPLEXITY" missed="1" covered="0"/><counter type="METHOD" missed="1" covered="0"/></method><method name="setLatestLocationTimestamp" desc="(Ljava/util/Date;)V" line="59"><counter type="INSTRUCTION" missed="4" covered="0"/><counter type="LINE" missed="2" covered="0"/><counter type="COMPLEXITY" missed="1" covered="0"/><counter type="METHOD" missed="1" covered="0"/></method><method name="getLatestLocationTimestamp" desc="()Ljava/util/Date;" line="63"><counter type="INSTRUCTION" missed="3" covered="0"/><counter type="LINE" missed="1" covered="0"/><counter type="COMPLEXITY" missed="1" covered="0"/><counter type="METHOD" missed="1" covered="0"/></method><method name="addToVisitedLocations" desc="(LgpsUtil/location/VisitedLocation;)V" line="67"><counter type="INSTRUCTION" missed="0" covered="6"/><counter type="LINE" missed="0" covered="2"/><counter type="COMPLEXITY" missed="0" covered="1"/><counter type="METHOD" missed="0" covered="1"/></method><method name="getVisitedLocations" desc="()Ljava/util/List;" line="71"><counter type="INSTRUCTION" missed="0" covered="3"/><counter type="LINE" missed="0" covered="1"/><counter type="COMPLEXITY" missed="0" covered="1"/><counter type="METHOD" missed="0" covered="1"/></method><method name="clearVisitedLocations" desc="()V" line="75"><counter type="INSTRUCTION" missed="4" covered="0"/><counter type="LINE" missed="2" covered="0"/><counter type="COMPLEXITY" missed="1" covered="0"/><counter type="METHOD" missed="1" covered="0"/></method><method name="addUserReward" desc="(LtourGuide/user/UserReward;)V" line="79"><counter type="INSTRUCTION" missed="0" covered="16"/><counter type="BRANCH" missed="0" covered="2"/><counter type="LINE" missed="0" covered="3"/><counter type="COMPLEXITY" missed="0" covered="2"/><counter type="METHOD" missed="0" covered="1"/></method><method name="getUserRewards" desc="()Ljava/util/List;" line="85"><counter type="INSTRUCTION" missed="0" covered="3"/><counter type="LINE" missed="0" covered="1"/><counter type="COMPLEXITY" missed="0" covered="1"/><counter type="METHOD" missed="0" covered="1"/></method><method name="getUserPreferences" desc="()LtourGuide/user/UserPreferences;" line="89"><counter type="INSTRUCTION" missed="3" covered="0"/><counter type="LINE" missed="1" covered="0"/><counter type="COMPLEXITY" missed="1" covered="0"/><counter type="METHOD" missed="1" covered="0"/></method><method name="setUserPreferences" desc="(LtourGuide/user/UserPreferences;)V" line="93"><counter type="INSTRUCTION" missed="4" covered="0"/><counter type="LINE" missed="2" covered="0"/><counter type="COMPLEXITY" missed="1" covered="0"/><counter type="METHOD" missed="1" covered="0"/></method><method name="getLastVisitedLocation" desc="()LgpsUtil/location/VisitedLocation;" line="97"><counter type="INSTRUCTION" missed="0" covered="10"/><counter type="LINE" missed="0" covered="1"/><counter type="COMPLEXITY" missed="0" covered="1"/><counter type="METHOD" missed="0" covered="1"/></method><method name="setTripDeals" desc="(Ljava/util/List;)V" line="101"><counter type="INSTRUCTION" missed="4" covered="0"/><counter type="LINE" missed="2" covered="0"/><counter type="COMPLEXITY" missed="1" covered="0"/><counter type="METHOD" missed="1" covered="0"/></method><method name="getTripDeals" desc="()Ljava/util/List;" line="105"><counter type="INSTRUCTION" missed="3" covered="0"/><counter type="LINE" missed="1" covered="0"/><counter type="COMPLEXITY" missed="1" covered="0"/><counter type="METHOD" missed="1" covered="0"/></method><method name="lambda$addUserReward$0" desc="(LtourGuide/user/UserReward;LtourGuide/user/UserReward;)Z" line="79"><counter type="INSTRUCTION" missed="1" covered="10"/><counter type="BRANCH" missed="1" covered="1"/><counter type="LINE" missed="0" covered="1"/><counter type="COMPLEXITY" missed="1" covered="1"/><counter type="METHOD" missed="0" covered="1"/></method><counter type="INSTRUCTION" missed="40" covered="89"/><counter type="BRANCH" missed="1" covered="3"/><counter type="LINE" missed="17" covered="20"/><counter type="COMPLEXITY" missed="12" covered="10"/><counter type="METHOD" missed="11" covered="9"/><counter type="CLASS" missed="0" covered="1"/></class><class name="tourGuide/user/UserReward" sourcefilename="UserReward.java"><method name="&lt;init&gt;" desc="(LgpsUtil/location/VisitedLocation;LgpsUtil/location/Attraction;I)V" line="11"><counter type="INSTRUCTION" missed="0" covered="12"/><counter type="LINE" missed="0" covered="5"/><counter type="COMPLEXITY" missed="0" covered="1"/><counter type="METHOD" missed="0" covered="1"/></method><method name="&lt;init&gt;" desc="(LgpsUtil/location/VisitedLocation;LgpsUtil/location/Attraction;)V" line="17"><counter type="INSTRUCTION" missed="9" covered="0"/><counter type="LINE" missed="4" covered="0"/><counter type="COMPLEXITY" missed="1" covered="0"/><counter type="METHOD" missed="1" covered="0"/></method><method name="setRewardPoints" desc="(I)V" line="23"><counter type="INSTRUCTION" missed="4" covered="0"/><counter type="LINE" missed="2" covered="0"/><counter type="COMPLEXITY" missed="1" covered="0"/><counter type="METHOD" missed="1" covered="0"/></method><method name="getRewardPoints" desc="()I" line="27"><counter type="INSTRUCTION" missed="0" covered="3"/><counter type="LINE" missed="0" covered="1"/><counter type="COMPLEXITY" missed="0" covered="1"/><counter type="METHOD" missed="0" covered="1"/></method><counter type="INSTRUCTION" missed="13" covered="15"/><counter type="LINE" missed="6" covered="6"/><counter type="COMPLEXITY" missed="2" covered="2"/><counter type="METHOD" missed="2" covered="2"/><counter type="CLASS" missed="0" covered="1"/></class><class name="tourGuide/user/UserPreferences" sourcefilename="UserPreferences.java"><method name="&lt;init&gt;" desc="()V" line="11"><counter type="INSTRUCTION" missed="0" covered="38"/><counter type="LINE" missed="0" covered="10"/><counter type="COMPLEXITY" missed="0" covered="1"/><counter type="METHOD" missed="0" covered="1"/></method><method name="setAttractionProximity" desc="(I)V" line="24"><counter type="INSTRUCTION" missed="4" covered="0"/><counter type="LINE" missed="2" covered="0"/><counter type="COMPLEXITY" missed="1" covered="0"/><counter type="METHOD" missed="1" covered="0"/></method><method name="getAttractionProximity" desc="()I" line="28"><counter type="INSTRUCTION" missed="3" covered="0"/><counter type="LINE" missed="1" covered="0"/><counter type="COMPLEXITY" missed="1" covered="0"/><counter type="METHOD" missed="1" covered="0"/></method><method name="getLowerPricePoint" desc="()Lorg/javamoney/moneta/Money;" line="32"><counter type="INSTRUCTION" missed="3" covered="0"/><counter type="LINE" missed="1" covered="0"/><counter type="COMPLEXITY" missed="1" covered="0"/><counter type="METHOD" missed="1" covered="0"/></method><method name="setLowerPricePoint" desc="(Lorg/javamoney/moneta/Money;)V" line="36"><counter type="INSTRUCTION" missed="4" covered="0"/><counter type="LINE" missed="2" covered="0"/><counter type="COMPLEXITY" missed="1" covered="0"/><counter type="METHOD" missed="1" covered="0"/></method><method name="getHighPricePoint" desc="()Lorg/javamoney/moneta/Money;" line="40"><counter type="INSTRUCTION" missed="3" covered="0"/><counter type="LINE" missed="1" covered="0"/><counter type="COMPLEXITY" missed="1" covered="0"/><counter type="METHOD" missed="1" covered="0"/></method><method name="setHighPricePoint" desc="(Lorg/javamoney/moneta/Money;)V" line="44"><counter type="INSTRUCTION" missed="4" covered="0"/><counter type="LINE" missed="2" covered="0"/><counter type="COMPLEXITY" missed="1" covered="0"/><counter type="METHOD" missed="1" covered="0"/></method><method name="getTripDuration" desc="()I" line="48"><counter type="INSTRUCTION" missed="3" covered="0"/><counter type="LINE" missed="1" covered="0"/><counter type="COMPLEXITY" missed="1" covered="0"/><counter type="METHOD" missed="1" covered="0"/></method><method name="setTripDuration" desc="(I)V" line="52"><counter type="INSTRUCTION" missed="4" covered="0"/><counter type="LINE" missed="2" covered="0"/><counter type="COMPLEXITY" missed="1" covered="0"/><counter type="METHOD" missed="1" covered="0"/></method><method name="getTicketQuantity" desc="()I" line="56"><counter type="INSTRUCTION" missed="3" covered="0"/><counter type="LINE" missed="1" covered="0"/><counter type="COMPLEXITY" missed="1" covered="0"/><counter type="METHOD" missed="1" covered="0"/></method><method name="setTicketQuantity" desc="(I)V" line="60"><counter type="INSTRUCTION" missed="4" covered="0"/><counter type="LINE" missed="2" covered="0"/><counter type="COMPLEXITY" missed="1" covered="0"/><counter type="METHOD" missed="1" covered="0"/></method><method name="getNumberOfAdults" desc="()I" line="64"><counter type="INSTRUCTION" missed="3" covered="0"/><counter type="LINE" missed="1" covered="0"/><counter type="COMPLEXITY" missed="1" covered="0"/><counter type="METHOD" missed="1" covered="0"/></method><method name="setNumberOfAdults" desc="(I)V" line="68"><counter type="INSTRUCTION" missed="4" covered="0"/><counter type="LINE" missed="2" covered="0"/><counter type="COMPLEXITY" missed="1" covered="0"/><counter type="METHOD" missed="1" covered="0"/></method><method name="getNumberOfChildren" desc="()I" line="72"><counter type="INSTRUCTION" missed="3" covered="0"/><counter type="LINE" missed="1" covered="0"/><counter type="COMPLEXITY" missed="1" covered="0"/><counter type="METHOD" missed="1" covered="0"/></method><method name="setNumberOfChildren" desc="(I)V" line="76"><counter type="INSTRUCTION" missed="4" covered="0"/><counter type="LINE" missed="2" covered="0"/><counter type="COMPLEXITY" missed="1" covered="0"/><counter type="METHOD" missed="1" covered="0"/></method><counter type="INSTRUCTION" missed="49" covered="38"/><counter type="LINE" missed="21" covered="10"/><counter type="COMPLEXITY" missed="14" covered="1"/><counter type="METHOD" missed="14" covered="1"/><counter type="CLASS" missed="0" covered="1"/></class><sourcefile name="UserPreferences.java"><line nr="11" mi="0" ci="3" mb="0" cb="0"/><line nr="12" mi="0" ci="6" mb="0" cb="0"/><line nr="13" mi="0" ci="7" mb="0" cb="0"/><line nr="14" mi="0" ci="7" mb="0" cb="0"/><line nr="15" mi="0" ci="3" mb="0" cb="0"/><line nr="16" mi="0" ci="3" mb="0" cb="0"/><line nr="17" mi="0" ci="3" mb="0" cb="0"/><line nr="18" mi="0" ci="3" mb="0" cb="0"/><line nr="20" mi="0" ci="2" mb="0" cb="0"/><line nr="21" mi="0" ci="1" mb="0" cb="0"/><line nr="24" mi="3" ci="0" mb="0" cb="0"/><line nr="25" mi="1" ci="0" mb="0" cb="0"/><line nr="28" mi="3" ci="0" mb="0" cb="0"/><line nr="32" mi="3" ci="0" mb="0" cb="0"/><line nr="36" mi="3" ci="0" mb="0" cb="0"/><line nr="37" mi="1" ci="0" mb="0" cb="0"/><line nr="40" mi="3" ci="0" mb="0" cb="0"/><line nr="44" mi="3" ci="0" mb="0" cb="0"/><line nr="45" mi="1" ci="0" mb="0" cb="0"/><line nr="48" mi="3" ci="0" mb="0" cb="0"/><line nr="52" mi="3" ci="0" mb="0" cb="0"/><line nr="53" mi="1" ci="0" mb="0" cb="0"/><line nr="56" mi="3" ci="0" mb="0" cb="0"/><line nr="60" mi="3" ci="0" mb="0" cb="0"/><line nr="61" mi="1" ci="0" mb="0" cb="0"/><line nr="64" mi="3" ci="0" mb="0" cb="0"/><line nr="68" mi="3" ci="0" mb="0" cb="0"/><line nr="69" mi="1" ci="0" mb="0" cb="0"/><line nr="72" mi="3" ci="0" mb="0" cb="0"/><line nr="76" mi="3" ci="0" mb="0" cb="0"/><line nr="77" mi="1" ci="0" mb="0" cb="0"/><counter type="INSTRUCTION" missed="49" covered="38"/><counter type="LINE" missed="21" covered="10"/><counter type="COMPLEXITY" missed="14" covered="1"/><counter type="METHOD" missed="14" covered="1"/><counter type="CLASS" missed="0" covered="1"/></sourcefile><sourcefile name="UserReward.java"><line nr="11" mi="0" ci="2" mb="0" cb="0"/><line nr="12" mi="0" ci="3" mb="0" cb="0"/><line nr="13" mi="0" ci="3" mb="0" cb="0"/><line nr="14" mi="0" ci="3" mb="0" cb="0"/><line nr="15" mi="0" ci="1" mb="0" cb="0"/><line nr="17" mi="2" ci="0" mb="0" cb="0"/><line nr="18" mi="3" ci="0" mb="0" cb="0"/><line nr="19" mi="3" ci="0" mb="0" cb="0"/><line nr="20" mi="1" ci="0" mb="0" cb="0"/><line nr="23" mi="3" ci="0" mb="0" cb="0"/><line nr="24" mi="1" ci="0" mb="0" cb="0"/><line nr="27" mi="0" ci="3" mb="0" cb="0"/><counter type="INSTRUCTION" missed="13" covered="15"/><counter type="LINE" missed="6" covered="6"/><counter type="COMPLEXITY" missed="2" covered="2"/><counter type="METHOD" missed="2" covered="2"/><counter type="CLASS" missed="0" covered="1"/></sourcefile><sourcefile name="User.java"><line nr="20" mi="0" ci="5" mb="0" cb="0"/><line nr="21" mi="0" ci="5" mb="0" cb="0"/><line nr="22" mi="0" ci="5" mb="0" cb="0"/><line nr="23" mi="0" ci="5" mb="0" cb="0"/><line nr="26" mi="0" ci="2" mb="0" cb="0"/><line nr="27" mi="0" ci="3" mb="0" cb="0"/><line nr="28" mi="0" ci="3" mb="0" cb="0"/><line nr="29" mi="0" ci="3" mb="0" cb="0"/><line nr="30" mi="0" ci="3" mb="0" cb="0"/><line nr="31" mi="0" ci="1" mb="0" cb="0"/><line nr="35" mi="0" ci="3" mb="0" cb="0"/><line nr="39" mi="0" ci="3" mb="0" cb="0"/><line nr="43" mi="3" ci="0" mb="0" cb="0"/><line nr="44" mi="1" ci="0" mb="0" cb="0"/><line nr="47" mi="3" ci="0" mb="0" cb="0"/><line nr="51" mi="3" ci="0" mb="0" cb="0"/><line nr="52" mi="1" ci="0" mb="0" cb="0"/><line nr="55" mi="3" ci="0" mb="0" cb="0"/><line nr="59" mi="3" ci="0" mb="0" cb="0"/><line nr="60" mi="1" ci="0" mb="0" cb="0"/><line nr="63" mi="3" ci="0" mb="0" cb="0"/><line nr="67" mi="0" ci="5" mb="0" cb="0"/><line nr="68" mi="0" ci="1" mb="0" cb="0"/><line nr="71" mi="0" ci="3" mb="0" cb="0"/><line nr="75" mi="3" ci="0" mb="0" cb="0"/><line nr="76" mi="1" ci="0" mb="0" cb="0"/><line nr="79" mi="1" ci="20" mb="1" cb="3"/><line nr="80" mi="0" ci="5" mb="0" cb="0"/><line nr="82" mi="0" ci="1" mb="0" cb="0"/><line nr="85" mi="0" ci="3" mb="0" cb="0"/><line nr="89" mi="3" ci="0" mb="0" cb="0"/><line nr="93" mi="3" ci="0" mb="0" cb="0"/><line nr="94" mi="1" ci="0" mb="0" cb="0"/><line nr="97" mi="0" ci="10" mb="0" cb="0"/><line nr="101" mi="3" ci="0" mb="0" cb="0"/><line nr="102" mi="1" ci="0" mb="0" cb="0"/><line nr="105" mi="3" ci="0" mb="0" cb="0"/><counter type="INSTRUCTION" missed="40" covered="89"/><counter type="BRANCH" missed="1" covered="3"/><counter type="LINE" missed="17" covered="20"/><counter type="COMPLEXITY" missed="12" covered="10"/><counter type="METHOD" missed="11" covered="9"/><counter type="CLASS" missed="0" covered="1"/></sourcefile><counter type="INSTRUCTION" missed="102" covered="142"/><counter type="BRANCH" missed="1" covered="3"/><counter type="LINE" missed="44" covered="36"/><counter type="COMPLEXITY" missed="28" covered="13"/><counter type="METHOD" missed="27" covered="12"/><counter type="CLASS" missed="0" covered="3"/></package><counter type="INSTRUCTION" missed="433" covered="1315"/><counter type="BRANCH" missed="28" covered="34"/><counter type="LINE" missed="132" covered="287"/><counter type="COMPLEXITY" missed="69" covered="101"/><counter type="METHOD" missed="52" covered="87"/><counter type="CLASS" missed="0" covered="15"/></report>